# JRE version: Java(TM) SE Runtime Environment (8.0_25-b17) (build 1.8.0_25-b17)
# Java VM: Java HotSpot(TM) 64-Bit Server VM (25.25-b02 mixed mode linux-amd64 compressed oops)
Heap:
 PSYoungGen      total 136192K, used 19633K [0x00000000d6500000, 0x00000000e8100000, 0x0000000100000000)
  eden space 131072K, 14% used [0x00000000d6500000,0x00000000d782c540,0x00000000de500000)
  from space 5120K, 0% used [0x00000000de500000,0x00000000de500000,0x00000000dea00000)
  to   space 14336K, 0% used [0x00000000e7300000,0x00000000e7300000,0x00000000e8100000)
 ParOldGen       total 71680K, used 16065K [0x0000000082e00000, 0x0000000087400000, 0x00000000d6500000)
  object space 71680K, 22% used [0x0000000082e00000,0x0000000083db06f8,0x0000000087400000)
 Metaspace       used 21208K, capacity 21492K, committed 21808K, reserved 1069056K
  class space    used 2471K, capacity 2596K, committed 2688K, reserved 1048576K
GC Heap History (10 events):
Event: 1.369 GC heap before
{Heap before GC invocations=2 (full 0):
 PSYoungGen      total 37888K, used 37399K [0x00000000d6500000, 0x00000000daf00000, 0x0000000100000000)
  eden space 32768K, 100% used [0x00000000d6500000,0x00000000d8500000,0x00000000d8500000)
  from space 5120K, 90% used [0x00000000d8500000,0x00000000d8985e90,0x00000000d8a00000)
  to   space 5120K, 0% used [0x00000000daa00000,0x00000000daa00000,0x00000000daf00000)
 ParOldGen       total 86016K, used 8K [0x0000000082e00000, 0x0000000088200000, 0x00000000d6500000)
  object space 86016K, 0% used [0x0000000082e00000,0x0000000082e02000,0x0000000088200000)
 Metaspace       used 11942K, capacity 12144K, committed 12416K, reserved 1060864K
  class space    used 1493K, capacity 1574K, committed 1664K, reserved 1048576K
Event: 1.381 GC heap after
Heap after GC invocations=2 (full 0):
 PSYoungGen      total 70656K, used 5106K [0x00000000d6500000, 0x00000000daf00000, 0x0000000100000000)
  eden space 65536K, 0% used [0x00000000d6500000,0x00000000d6500000,0x00000000da500000)
  from space 5120K, 99% used [0x00000000daa00000,0x00000000daefc988,0x00000000daf00000)
  to   space 5120K, 0% used [0x00000000da500000,0x00000000da500000,0x00000000daa00000)
 ParOldGen       total 86016K, used 1921K [0x0000000082e00000, 0x0000000088200000, 0x00000000d6500000)
  object space 86016K, 2% used [0x0000000082e00000,0x0000000082fe0450,0x0000000088200000)
 Metaspace       used 11942K, capacity 12144K, committed 12416K, reserved 1060864K
  class space    used 1493K, capacity 1574K, committed 1664K, reserved 1048576K
}
Event: 2.966 GC heap before
{Heap before GC invocations=3 (full 0):
 PSYoungGen      total 70656K, used 70642K [0x00000000d6500000, 0x00000000daf00000, 0x0000000100000000)
  eden space 65536K, 100% used [0x00000000d6500000,0x00000000da500000,0x00000000da500000)
  from space 5120K, 99% used [0x00000000daa00000,0x00000000daefc988,0x00000000daf00000)
  to   space 5120K, 0% used [0x00000000da500000,0x00000000da500000,0x00000000daa00000)
 ParOldGen       total 86016K, used 1921K [0x0000000082e00000, 0x0000000088200000, 0x00000000d6500000)
  object space 86016K, 2% used [0x0000000082e00000,0x0000000082fe0450,0x0000000088200000)
 Metaspace       used 14362K, capacity 14560K, committed 14720K, reserved 1062912K
  class space    used 1746K, capacity 1842K, committed 1920K, reserved 1048576K
Event: 2.987 GC heap after
Heap after GC invocations=3 (full 0):
 PSYoungGen      total 70656K, used 5104K [0x00000000d6500000, 0x00000000def00000, 0x0000000100000000)
  eden space 65536K, 0% used [0x00000000d6500000,0x00000000d6500000,0x00000000da500000)
  from space 5120K, 99% used [0x00000000da500000,0x00000000da9fc010,0x00000000daa00000)
  to   space 5120K, 0% used [0x00000000dea00000,0x00000000dea00000,0x00000000def00000)
 ParOldGen       total 86016K, used 4303K [0x0000000082e00000, 0x0000000088200000, 0x00000000d6500000)
  object space 86016K, 5% used [0x0000000082e00000,0x0000000083233ce0,0x0000000088200000)
 Metaspace       used 14362K, capacity 14560K, committed 14720K, reserved 1062912K
  class space    used 1746K, capacity 1842K, committed 1920K, reserved 1048576K
}
Event: 7.380 GC heap before
{Heap before GC invocations=4 (full 0):
 PSYoungGen      total 70656K, used 70640K [0x00000000d6500000, 0x00000000def00000, 0x0000000100000000)
  eden space 65536K, 100% used [0x00000000d6500000,0x00000000da500000,0x00000000da500000)
  from space 5120K, 99% used [0x00000000da500000,0x00000000da9fc010,0x00000000daa00000)
  to   space 5120K, 0% used [0x00000000dea00000,0x00000000dea00000,0x00000000def00000)
 ParOldGen       total 86016K, used 4303K [0x0000000082e00000, 0x0000000088200000, 0x00000000d6500000)
  object space 86016K, 5% used [0x0000000082e00000,0x0000000083233ce0,0x0000000088200000)
 Metaspace       used 19159K, capacity 19508K, committed 19712K, reserved 1067008K
  class space    used 2313K, capacity 2468K, committed 2560K, reserved 1048576K
Event: 7.418 GC heap after
Heap after GC invocations=4 (full 0):
 PSYoungGen      total 136192K, used 5104K [0x00000000d6500000, 0x00000000def00000, 0x0000000100000000)
  eden space 131072K, 0% used [0x00000000d6500000,0x00000000d6500000,0x00000000de500000)
  from space 5120K, 99% used [0x00000000dea00000,0x00000000deefc010,0x00000000def00000)
  to   space 5120K, 0% used [0x00000000de500000,0x00000000de500000,0x00000000dea00000)
 ParOldGen       total 86016K, used 12576K [0x0000000082e00000, 0x0000000088200000, 0x00000000d6500000)
  object space 86016K, 14% used [0x0000000082e00000,0x0000000083a480d0,0x0000000088200000)
 Metaspace       used 19159K, capacity 19508K, committed 19712K, reserved 1067008K
  class space    used 2313K, capacity 2468K, committed 2560K, reserved 1048576K
}
Event: 8.414 GC heap before
{Heap before GC invocations=5 (full 0):
 PSYoungGen      total 136192K, used 41449K [0x00000000d6500000, 0x00000000def00000, 0x0000000100000000)
  eden space 131072K, 27% used [0x00000000d6500000,0x00000000d887e500,0x00000000de500000)
  from space 5120K, 99% used [0x00000000dea00000,0x00000000deefc010,0x00000000def00000)
  to   space 5120K, 0% used [0x00000000de500000,0x00000000de500000,0x00000000dea00000)
 ParOldGen       total 86016K, used 12576K [0x0000000082e00000, 0x0000000088200000, 0x00000000d6500000)
  object space 86016K, 14% used [0x0000000082e00000,0x0000000083a480d0,0x0000000088200000)
 Metaspace       used 20817K, capacity 21108K, committed 21296K, reserved 1069056K
  class space    used 2459K, capacity 2596K, committed 2688K, reserved 1048576K
Event: 8.449 GC heap after
Heap after GC invocations=5 (full 0):
 PSYoungGen      total 136192K, used 5096K [0x00000000d6500000, 0x00000000e8100000, 0x0000000100000000)
  eden space 131072K, 0% used [0x00000000d6500000,0x00000000d6500000,0x00000000de500000)
  from space 5120K, 99% used [0x00000000de500000,0x00000000de9fa270,0x00000000dea00000)
  to   space 14336K, 0% used [0x00000000e7300000,0x00000000e7300000,0x00000000e8100000)
 ParOldGen       total 86016K, used 17610K [0x0000000082e00000, 0x0000000088200000, 0x00000000d6500000)
  object space 86016K, 20% used [0x0000000082e00000,0x0000000083f32b68,0x0000000088200000)
 Metaspace       used 20817K, capacity 21108K, committed 21296K, reserved 1069056K
  class space    used 2459K, capacity 2596K, committed 2688K, reserved 1048576K
}
Event: 8.449 GC heap before
{Heap before GC invocations=6 (full 1):
 PSYoungGen      total 136192K, used 5096K [0x00000000d6500000, 0x00000000e8100000, 0x0000000100000000)
  eden space 131072K, 0% used [0x00000000d6500000,0x00000000d6500000,0x00000000de500000)
  from space 5120K, 99% used [0x00000000de500000,0x00000000de9fa270,0x00000000dea00000)
  to   space 14336K, 0% used [0x00000000e7300000,0x00000000e7300000,0x00000000e8100000)
 ParOldGen       total 86016K, used 17610K [0x0000000082e00000, 0x0000000088200000, 0x00000000d6500000)
  object space 86016K, 20% used [0x0000000082e00000,0x0000000083f32b68,0x0000000088200000)
 Metaspace       used 20817K, capacity 21108K, committed 21296K, reserved 1069056K
  class space    used 2459K, capacity 2596K, committed 2688K, reserved 1048576K
Event: 8.553 GC heap after
Heap after GC invocations=6 (full 1):
 PSYoungGen      total 136192K, used 0K [0x00000000d6500000, 0x00000000e8100000, 0x0000000100000000)
  eden space 131072K, 0% used [0x00000000d6500000,0x00000000d6500000,0x00000000de500000)
  from space 5120K, 0% used [0x00000000de500000,0x00000000de500000,0x00000000dea00000)
  to   space 14336K, 0% used [0x00000000e7300000,0x00000000e7300000,0x00000000e8100000)
 ParOldGen       total 71680K, used 16065K [0x0000000082e00000, 0x0000000087400000, 0x00000000d6500000)
  object space 71680K, 22% used [0x0000000082e00000,0x0000000083db06f8,0x0000000087400000)
 Metaspace       used 20817K, capacity 21108K, committed 21296K, reserved 1069056K
  class space    used 2459K, capacity 2596K, committed 2688K, reserved 1048576K
}

