# JRE version: Java(TM) SE Runtime Environment (8.0_25-b17) (build 1.8.0_25-b17)
# Java VM: Java HotSpot(TM) 64-Bit Server VM (25.25-b02 mixed mode linux-amd64 compressed oops)
Heap:
 PSYoungGen      total 610816K, used 7053K [0x00000000d5580000, 0x0000000100000000, 0x0000000100000000)
  eden space 523776K, 1% used [0x00000000d5580000,0x00000000d5c63520,0x00000000f5500000)
  from space 87040K, 0% used [0x00000000fab00000,0x00000000fab00000,0x0000000100000000)
  to   space 87552K, 0% used [0x00000000f5500000,0x00000000f5500000,0x00000000faa80000)
 ParOldGen       total 394240K, used 222460K [0x0000000080000000, 0x0000000098100000, 0x00000000d5580000)
  object space 394240K, 56% used [0x0000000080000000,0x000000008d93f370,0x0000000098100000)
 Metaspace       used 111072K, capacity 117604K, committed 117976K, reserved 1150976K
  class space    used 13604K, capacity 15745K, committed 15872K, reserved 1048576K
GC Heap History (10 events):
Event: 173.750 GC heap before
{Heap before GC invocations=20 (full 6):
 PSYoungGen      total 608768K, used 6514K [0x00000000d5580000, 0x00000000fff00000, 0x0000000100000000)
  eden space 525824K, 0% used [0x00000000d5580000,0x00000000d5580000,0x00000000f5700000)
  from space 82944K, 7% used [0x00000000faa00000,0x00000000fb05ca58,0x00000000ffb00000)
  to   space 84992K, 0% used [0x00000000f5700000,0x00000000f5700000,0x00000000faa00000)
 ParOldGen       total 394240K, used 223309K [0x0000000080000000, 0x0000000098100000, 0x00000000d5580000)
  object space 394240K, 56% used [0x0000000080000000,0x000000008da13528,0x0000000098100000)
 Metaspace       used 111043K, capacity 117604K, committed 117976K, reserved 1150976K
  class space    used 13603K, capacity 15745K, committed 15872K, reserved 1048576K
Event: 174.906 GC heap after
Heap after GC invocations=20 (full 6):
 PSYoungGen      total 608768K, used 0K [0x00000000d5580000, 0x00000000fff00000, 0x0000000100000000)
  eden space 525824K, 0% used [0x00000000d5580000,0x00000000d5580000,0x00000000f5700000)
  from space 82944K, 0% used [0x00000000faa00000,0x00000000faa00000,0x00000000ffb00000)
  to   space 84992K, 0% used [0x00000000f5700000,0x00000000f5700000,0x00000000faa00000)
 ParOldGen       total 394240K, used 224472K [0x0000000080000000, 0x0000000098100000, 0x00000000d5580000)
  object space 394240K, 56% used [0x0000000080000000,0x000000008db36220,0x0000000098100000)
 Metaspace       used 111043K, capacity 117604K, committed 117976K, reserved 1150976K
  class space    used 13603K, capacity 15745K, committed 15872K, reserved 1048576K
}
Event: 244.057 GC heap before
{Heap before GC invocations=21 (full 6):
 PSYoungGen      total 608768K, used 13328K [0x00000000d5580000, 0x00000000fff00000, 0x0000000100000000)
  eden space 525824K, 2% used [0x00000000d5580000,0x00000000d6284268,0x00000000f5700000)
  from space 82944K, 0% used [0x00000000faa00000,0x00000000faa00000,0x00000000ffb00000)
  to   space 84992K, 0% used [0x00000000f5700000,0x00000000f5700000,0x00000000faa00000)
 ParOldGen       total 394240K, used 224472K [0x0000000080000000, 0x0000000098100000, 0x00000000d5580000)
  object space 394240K, 56% used [0x0000000080000000,0x000000008db36220,0x0000000098100000)
 Metaspace       used 111050K, capacity 117604K, committed 117976K, reserved 1150976K
  class space    used 13603K, capacity 15745K, committed 15872K, reserved 1048576K
Event: 244.061 GC heap after
Heap after GC invocations=21 (full 6):
 PSYoungGen      total 610816K, used 64K [0x00000000d5580000, 0x0000000100000000, 0x0000000100000000)
  eden space 525824K, 0% used [0x00000000d5580000,0x00000000d5580000,0x00000000f5700000)
  from space 84992K, 0% used [0x00000000f5700000,0x00000000f5710000,0x00000000faa00000)
  to   space 87040K, 0% used [0x00000000fab00000,0x00000000fab00000,0x0000000100000000)
 ParOldGen       total 394240K, used 224472K [0x0000000080000000, 0x0000000098100000, 0x00000000d5580000)
  object space 394240K, 56% used [0x0000000080000000,0x000000008db36220,0x0000000098100000)
 Metaspace       used 111050K, capacity 117604K, committed 117976K, reserved 1150976K
  class space    used 13603K, capacity 15745K, committed 15872K, reserved 1048576K
}
Event: 244.061 GC heap before
{Heap before GC invocations=22 (full 7):
 PSYoungGen      total 610816K, used 64K [0x00000000d5580000, 0x0000000100000000, 0x0000000100000000)
  eden space 525824K, 0% used [0x00000000d5580000,0x00000000d5580000,0x00000000f5700000)
  from space 84992K, 0% used [0x00000000f5700000,0x00000000f5710000,0x00000000faa00000)
  to   space 87040K, 0% used [0x00000000fab00000,0x00000000fab00000,0x0000000100000000)
 ParOldGen       total 394240K, used 224472K [0x0000000080000000, 0x0000000098100000, 0x00000000d5580000)
  object space 394240K, 56% used [0x0000000080000000,0x000000008db36220,0x0000000098100000)
 Metaspace       used 111050K, capacity 117604K, committed 117976K, reserved 1150976K
  class space    used 13603K, capacity 15745K, committed 15872K, reserved 1048576K
Event: 244.771 GC heap after
Heap after GC invocations=22 (full 7):
 PSYoungGen      total 610816K, used 0K [0x00000000d5580000, 0x0000000100000000, 0x0000000100000000)
  eden space 525824K, 0% used [0x00000000d5580000,0x00000000d5580000,0x00000000f5700000)
  from space 84992K, 0% used [0x00000000f5700000,0x00000000f5700000,0x00000000faa00000)
  to   space 87040K, 0% used [0x00000000fab00000,0x00000000fab00000,0x0000000100000000)
 ParOldGen       total 394240K, used 222458K [0x0000000080000000, 0x0000000098100000, 0x00000000d5580000)
  object space 394240K, 56% used [0x0000000080000000,0x000000008d93e830,0x0000000098100000)
 Metaspace       used 111050K, capacity 117604K, committed 117976K, reserved 1150976K
  class space    used 13603K, capacity 15745K, committed 15872K, reserved 1048576K
}
Event: 304.057 GC heap before
{Heap before GC invocations=23 (full 7):
 PSYoungGen      total 610816K, used 10177K [0x00000000d5580000, 0x0000000100000000, 0x0000000100000000)
  eden space 525824K, 1% used [0x00000000d5580000,0x00000000d5f70530,0x00000000f5700000)
  from space 84992K, 0% used [0x00000000f5700000,0x00000000f5700000,0x00000000faa00000)
  to   space 87040K, 0% used [0x00000000fab00000,0x00000000fab00000,0x0000000100000000)
 ParOldGen       total 394240K, used 222458K [0x0000000080000000, 0x0000000098100000, 0x00000000d5580000)
  object space 394240K, 56% used [0x0000000080000000,0x000000008d93e830,0x0000000098100000)
 Metaspace       used 111055K, capacity 117604K, committed 117976K, reserved 1150976K
  class space    used 13603K, capacity 15745K, committed 15872K, reserved 1048576K
Event: 304.062 GC heap after
Heap after GC invocations=23 (full 7):
 PSYoungGen      total 610816K, used 96K [0x00000000d5580000, 0x0000000100000000, 0x0000000100000000)
  eden space 523776K, 0% used [0x00000000d5580000,0x00000000d5580000,0x00000000f5500000)
  from space 87040K, 0% used [0x00000000fab00000,0x00000000fab18000,0x0000000100000000)
  to   space 87552K, 0% used [0x00000000f5500000,0x00000000f5500000,0x00000000faa80000)
 ParOldGen       total 394240K, used 222458K [0x0000000080000000, 0x0000000098100000, 0x00000000d5580000)
  object space 394240K, 56% used [0x0000000080000000,0x000000008d93e830,0x0000000098100000)
 Metaspace       used 111055K, capacity 117604K, committed 117976K, reserved 1150976K
  class space    used 13603K, capacity 15745K, committed 15872K, reserved 1048576K
}
Event: 304.062 GC heap before
{Heap before GC invocations=24 (full 8):
 PSYoungGen      total 610816K, used 96K [0x00000000d5580000, 0x0000000100000000, 0x0000000100000000)
  eden space 523776K, 0% used [0x00000000d5580000,0x00000000d5580000,0x00000000f5500000)
  from space 87040K, 0% used [0x00000000fab00000,0x00000000fab18000,0x0000000100000000)
  to   space 87552K, 0% used [0x00000000f5500000,0x00000000f5500000,0x00000000faa80000)
 ParOldGen       total 394240K, used 222458K [0x0000000080000000, 0x0000000098100000, 0x00000000d5580000)
  object space 394240K, 56% used [0x0000000080000000,0x000000008d93e830,0x0000000098100000)
 Metaspace       used 111055K, capacity 117604K, committed 117976K, reserved 1150976K
  class space    used 13603K, capacity 15745K, committed 15872K, reserved 1048576K
Event: 304.542 GC heap after
Heap after GC invocations=24 (full 8):
 PSYoungGen      total 610816K, used 0K [0x00000000d5580000, 0x0000000100000000, 0x0000000100000000)
  eden space 523776K, 0% used [0x00000000d5580000,0x00000000d5580000,0x00000000f5500000)
  from space 87040K, 0% used [0x00000000fab00000,0x00000000fab00000,0x0000000100000000)
  to   space 87552K, 0% used [0x00000000f5500000,0x00000000f5500000,0x00000000faa80000)
 ParOldGen       total 394240K, used 222460K [0x0000000080000000, 0x0000000098100000, 0x00000000d5580000)
  object space 394240K, 56% used [0x0000000080000000,0x000000008d93f370,0x0000000098100000)
 Metaspace       used 111055K, capacity 117604K, committed 117976K, reserved 1150976K
  class space    used 13603K, capacity 15745K, committed 15872K, reserved 1048576K
}

