# JRE version: Java(TM) SE Runtime Environment (8.0_25-b17) (build 1.8.0_25-b17)
# Java VM: Java HotSpot(TM) 64-Bit Server VM (25.25-b02 mixed mode linux-amd64 compressed oops)
Heap:
 PSYoungGen      total 616960K, used 13664K [0x00000000d5580000, 0x00000000ff280000, 0x0000000100000000)
  eden space 552960K, 2% used [0x00000000d5580000,0x00000000d62d8228,0x00000000f7180000)
  from space 64000K, 0% used [0x00000000fb400000,0x00000000fb400000,0x00000000ff280000)
  to   space 66048K, 0% used [0x00000000f7180000,0x00000000f7180000,0x00000000fb200000)
 ParOldGen       total 327168K, used 248373K [0x0000000080000000, 0x0000000093f80000, 0x00000000d5580000)
  object space 327168K, 75% used [0x0000000080000000,0x000000008f28d728,0x0000000093f80000)
 Metaspace       used 122478K, capacity 129384K, committed 129664K, reserved 1161216K
  class space    used 14782K, capacity 17007K, committed 17024K, reserved 1048576K
GC Heap History (10 events):
Event: 239.026 GC heap before
{Heap before GC invocations=21 (full 5):
 PSYoungGen      total 623616K, used 504590K [0x00000000d5580000, 0x0000000100000000, 0x0000000100000000)
  eden space 548352K, 92% used [0x00000000d5580000,0x00000000f4243950,0x00000000f6d00000)
  from space 75264K, 0% used [0x00000000f6d00000,0x00000000f6d00000,0x00000000fb680000)
  to   space 75264K, 0% used [0x00000000fb680000,0x00000000fb680000,0x0000000100000000)
 ParOldGen       total 327168K, used 217253K [0x0000000080000000, 0x0000000093f80000, 0x00000000d5580000)
  object space 327168K, 66% used [0x0000000080000000,0x000000008d4297e8,0x0000000093f80000)
 Metaspace       used 112197K, capacity 118984K, committed 119296K, reserved 1153024K
  class space    used 13845K, capacity 16048K, committed 16128K, reserved 1048576K
Event: 239.092 GC heap after
Heap after GC invocations=21 (full 5):
 PSYoungGen      total 628224K, used 31761K [0x00000000d5580000, 0x0000000100000000, 0x0000000100000000)
  eden space 552960K, 0% used [0x00000000d5580000,0x00000000d5580000,0x00000000f7180000)
  from space 75264K, 42% used [0x00000000fb680000,0x00000000fd584558,0x0000000100000000)
  to   space 70656K, 0% used [0x00000000f7180000,0x00000000f7180000,0x00000000fb680000)
 ParOldGen       total 327168K, used 217261K [0x0000000080000000, 0x0000000093f80000, 0x00000000d5580000)
  object space 327168K, 66% used [0x0000000080000000,0x000000008d42b7e8,0x0000000093f80000)
 Metaspace       used 112197K, capacity 118984K, committed 119296K, reserved 1153024K
  class space    used 13845K, capacity 16048K, committed 16128K, reserved 1048576K
}
Event: 239.092 GC heap before
{Heap before GC invocations=22 (full 6):
 PSYoungGen      total 628224K, used 31761K [0x00000000d5580000, 0x0000000100000000, 0x0000000100000000)
  eden space 552960K, 0% used [0x00000000d5580000,0x00000000d5580000,0x00000000f7180000)
  from space 75264K, 42% used [0x00000000fb680000,0x00000000fd584558,0x0000000100000000)
  to   space 70656K, 0% used [0x00000000f7180000,0x00000000f7180000,0x00000000fb680000)
 ParOldGen       total 327168K, used 217261K [0x0000000080000000, 0x0000000093f80000, 0x00000000d5580000)
  object space 327168K, 66% used [0x0000000080000000,0x000000008d42b7e8,0x0000000093f80000)
 Metaspace       used 112197K, capacity 118984K, committed 119296K, reserved 1153024K
  class space    used 13845K, capacity 16048K, committed 16128K, reserved 1048576K
Event: 240.170 GC heap after
Heap after GC invocations=22 (full 6):
 PSYoungGen      total 628224K, used 0K [0x00000000d5580000, 0x0000000100000000, 0x0000000100000000)
  eden space 552960K, 0% used [0x00000000d5580000,0x00000000d5580000,0x00000000f7180000)
  from space 75264K, 0% used [0x00000000fb680000,0x00000000fb680000,0x0000000100000000)
  to   space 70656K, 0% used [0x00000000f7180000,0x00000000f7180000,0x00000000fb680000)
 ParOldGen       total 327168K, used 240302K [0x0000000080000000, 0x0000000093f80000, 0x00000000d5580000)
  object space 327168K, 73% used [0x0000000080000000,0x000000008eaab950,0x0000000093f80000)
 Metaspace       used 112197K, capacity 118984K, committed 119296K, reserved 1153024K
  class space    used 13845K, capacity 16048K, committed 16128K, reserved 1048576K
}
Event: 333.314 GC heap before
{Heap before GC invocations=23 (full 6):
 PSYoungGen      total 628224K, used 552960K [0x00000000d5580000, 0x0000000100000000, 0x0000000100000000)
  eden space 552960K, 100% used [0x00000000d5580000,0x00000000f7180000,0x00000000f7180000)
  from space 75264K, 0% used [0x00000000fb680000,0x00000000fb680000,0x0000000100000000)
  to   space 70656K, 0% used [0x00000000f7180000,0x00000000f7180000,0x00000000fb680000)
 ParOldGen       total 327168K, used 240302K [0x0000000080000000, 0x0000000093f80000, 0x00000000d5580000)
  object space 327168K, 73% used [0x0000000080000000,0x000000008eaab950,0x0000000093f80000)
 Metaspace       used 120861K, capacity 127872K, committed 128256K, reserved 1161216K
  class space    used 14621K, capacity 16780K, committed 16896K, reserved 1048576K
Event: 333.379 GC heap after
Heap after GC invocations=23 (full 6):
 PSYoungGen      total 579072K, used 25873K [0x00000000d5580000, 0x00000000ff680000, 0x0000000100000000)
  eden space 552960K, 0% used [0x00000000d5580000,0x00000000d5580000,0x00000000f7180000)
  from space 26112K, 99% used [0x00000000f7180000,0x00000000f8ac47f8,0x00000000f8b00000)
  to   space 68096K, 0% used [0x00000000fb400000,0x00000000fb400000,0x00000000ff680000)
 ParOldGen       total 327168K, used 240310K [0x0000000080000000, 0x0000000093f80000, 0x00000000d5580000)
  object space 327168K, 73% used [0x0000000080000000,0x000000008eaad950,0x0000000093f80000)
 Metaspace       used 120861K, capacity 127872K, committed 128256K, reserved 1161216K
  class space    used 14621K, capacity 16780K, committed 16896K, reserved 1048576K
}
Event: 358.722 GC heap before
{Heap before GC invocations=24 (full 6):
 PSYoungGen      total 579072K, used 171136K [0x00000000d5580000, 0x00000000ff680000, 0x0000000100000000)
  eden space 552960K, 26% used [0x00000000d5580000,0x00000000de35b988,0x00000000f7180000)
  from space 26112K, 99% used [0x00000000f7180000,0x00000000f8ac47f8,0x00000000f8b00000)
  to   space 68096K, 0% used [0x00000000fb400000,0x00000000fb400000,0x00000000ff680000)
 ParOldGen       total 327168K, used 240310K [0x0000000080000000, 0x0000000093f80000, 0x00000000d5580000)
  object space 327168K, 73% used [0x0000000080000000,0x000000008eaad950,0x0000000093f80000)
 Metaspace       used 122401K, capacity 129256K, committed 129408K, reserved 1161216K
  class space    used 14778K, capacity 17007K, committed 17024K, reserved 1048576K
Event: 358.770 GC heap after
Heap after GC invocations=24 (full 6):
 PSYoungGen      total 616960K, used 20720K [0x00000000d5580000, 0x00000000ff280000, 0x0000000100000000)
  eden space 552960K, 0% used [0x00000000d5580000,0x00000000d5580000,0x00000000f7180000)
  from space 64000K, 32% used [0x00000000fb400000,0x00000000fc83c050,0x00000000ff280000)
  to   space 66048K, 0% used [0x00000000f7180000,0x00000000f7180000,0x00000000fb200000)
 ParOldGen       total 327168K, used 240318K [0x0000000080000000, 0x0000000093f80000, 0x00000000d5580000)
  object space 327168K, 73% used [0x0000000080000000,0x000000008eaaf950,0x0000000093f80000)
 Metaspace       used 122401K, capacity 129256K, committed 129408K, reserved 1161216K
  class space    used 14778K, capacity 17007K, committed 17024K, reserved 1048576K
}
Event: 358.770 GC heap before
{Heap before GC invocations=25 (full 7):
 PSYoungGen      total 616960K, used 20720K [0x00000000d5580000, 0x00000000ff280000, 0x0000000100000000)
  eden space 552960K, 0% used [0x00000000d5580000,0x00000000d5580000,0x00000000f7180000)
  from space 64000K, 32% used [0x00000000fb400000,0x00000000fc83c050,0x00000000ff280000)
  to   space 66048K, 0% used [0x00000000f7180000,0x00000000f7180000,0x00000000fb200000)
 ParOldGen       total 327168K, used 240318K [0x0000000080000000, 0x0000000093f80000, 0x00000000d5580000)
  object space 327168K, 73% used [0x0000000080000000,0x000000008eaaf950,0x0000000093f80000)
 Metaspace       used 122401K, capacity 129256K, committed 129408K, reserved 1161216K
  class space    used 14778K, capacity 17007K, committed 17024K, reserved 1048576K
Event: 360.259 GC heap after
Heap after GC invocations=25 (full 7):
 PSYoungGen      total 616960K, used 0K [0x00000000d5580000, 0x00000000ff280000, 0x0000000100000000)
  eden space 552960K, 0% used [0x00000000d5580000,0x00000000d5580000,0x00000000f7180000)
  from space 64000K, 0% used [0x00000000fb400000,0x00000000fb400000,0x00000000ff280000)
  to   space 66048K, 0% used [0x00000000f7180000,0x00000000f7180000,0x00000000fb200000)
 ParOldGen       total 327168K, used 248373K [0x0000000080000000, 0x0000000093f80000, 0x00000000d5580000)
  object space 327168K, 75% used [0x0000000080000000,0x000000008f28d728,0x0000000093f80000)
 Metaspace       used 122401K, capacity 129256K, committed 129408K, reserved 1161216K
  class space    used 14778K, capacity 17007K, committed 17024K, reserved 1048576K
}

