# JRE version: Java(TM) SE Runtime Environment (8.0_25-b17) (build 1.8.0_25-b17)
# Java VM: Java HotSpot(TM) 64-Bit Server VM (25.25-b02 mixed mode linux-amd64 compressed oops)
Heap:
 PSYoungGen      total 622080K, used 8424K [0x00000000d5580000, 0x0000000100000000, 0x0000000100000000)
  eden space 546304K, 1% used [0x00000000d5580000,0x00000000d5dba1f0,0x00000000f6b00000)
  from space 75776K, 0% used [0x00000000f6b00000,0x00000000f6b00000,0x00000000fb500000)
  to   space 74240K, 0% used [0x00000000fb780000,0x00000000fb780000,0x0000000100000000)
 ParOldGen       total 354304K, used 235478K [0x0000000080000000, 0x0000000095a00000, 0x00000000d5580000)
  object space 354304K, 66% used [0x0000000080000000,0x000000008e5f59a0,0x0000000095a00000)
 Metaspace       used 116059K, capacity 122450K, committed 122968K, reserved 1157120K
  class space    used 13810K, capacity 15856K, committed 15960K, reserved 1048576K
GC Heap History (10 events):
Event: 476.596 GC heap before
{Heap before GC invocations=30 (full 9):
 PSYoungGen      total 621056K, used 2914K [0x00000000d5580000, 0x0000000100000000, 0x0000000100000000)
  eden space 543232K, 0% used [0x00000000d5580000,0x00000000d5580000,0x00000000f6800000)
  from space 77824K, 3% used [0x00000000f6800000,0x00000000f6ad8828,0x00000000fb400000)
  to   space 76800K, 0% used [0x00000000fb500000,0x00000000fb500000,0x0000000100000000)
 ParOldGen       total 354304K, used 235488K [0x0000000080000000, 0x0000000095a00000, 0x00000000d5580000)
  object space 354304K, 66% used [0x0000000080000000,0x000000008e5f81f0,0x0000000095a00000)
 Metaspace       used 115984K, capacity 122322K, committed 122712K, reserved 1157120K
  class space    used 13810K, capacity 15856K, committed 15960K, reserved 1048576K
Event: 477.578 GC heap after
Heap after GC invocations=30 (full 9):
 PSYoungGen      total 621056K, used 0K [0x00000000d5580000, 0x0000000100000000, 0x0000000100000000)
  eden space 543232K, 0% used [0x00000000d5580000,0x00000000d5580000,0x00000000f6800000)
  from space 77824K, 0% used [0x00000000f6800000,0x00000000f6800000,0x00000000fb400000)
  to   space 76800K, 0% used [0x00000000fb500000,0x00000000fb500000,0x0000000100000000)
 ParOldGen       total 354304K, used 235963K [0x0000000080000000, 0x0000000095a00000, 0x00000000d5580000)
  object space 354304K, 66% used [0x0000000080000000,0x000000008e66ec28,0x0000000095a00000)
 Metaspace       used 115984K, capacity 122322K, committed 122712K, reserved 1157120K
  class space    used 13810K, capacity 15856K, committed 15960K, reserved 1048576K
}
Event: 536.588 GC heap before
{Heap before GC invocations=31 (full 9):
 PSYoungGen      total 621056K, used 19200K [0x00000000d5580000, 0x0000000100000000, 0x0000000100000000)
  eden space 543232K, 3% used [0x00000000d5580000,0x00000000d68403a0,0x00000000f6800000)
  from space 77824K, 0% used [0x00000000f6800000,0x00000000f6800000,0x00000000fb400000)
  to   space 76800K, 0% used [0x00000000fb500000,0x00000000fb500000,0x0000000100000000)
 ParOldGen       total 354304K, used 235963K [0x0000000080000000, 0x0000000095a00000, 0x00000000d5580000)
  object space 354304K, 66% used [0x0000000080000000,0x000000008e66ec28,0x0000000095a00000)
 Metaspace       used 116048K, capacity 122450K, committed 122968K, reserved 1157120K
  class space    used 13810K, capacity 15856K, committed 15960K, reserved 1048576K
Event: 536.595 GC heap after
Heap after GC invocations=31 (full 9):
 PSYoungGen      total 623104K, used 981K [0x00000000d5580000, 0x0000000100000000, 0x0000000100000000)
  eden space 546304K, 0% used [0x00000000d5580000,0x00000000d5580000,0x00000000f6b00000)
  from space 76800K, 1% used [0x00000000fb500000,0x00000000fb5f5440,0x0000000100000000)
  to   space 75776K, 0% used [0x00000000f6b00000,0x00000000f6b00000,0x00000000fb500000)
 ParOldGen       total 354304K, used 235971K [0x0000000080000000, 0x0000000095a00000, 0x00000000d5580000)
  object space 354304K, 66% used [0x0000000080000000,0x000000008e670c28,0x0000000095a00000)
 Metaspace       used 116048K, capacity 122450K, committed 122968K, reserved 1157120K
  class space    used 13810K, capacity 15856K, committed 15960K, reserved 1048576K
}
Event: 536.595 GC heap before
{Heap before GC invocations=32 (full 10):
 PSYoungGen      total 623104K, used 981K [0x00000000d5580000, 0x0000000100000000, 0x0000000100000000)
  eden space 546304K, 0% used [0x00000000d5580000,0x00000000d5580000,0x00000000f6b00000)
  from space 76800K, 1% used [0x00000000fb500000,0x00000000fb5f5440,0x0000000100000000)
  to   space 75776K, 0% used [0x00000000f6b00000,0x00000000f6b00000,0x00000000fb500000)
 ParOldGen       total 354304K, used 235971K [0x0000000080000000, 0x0000000095a00000, 0x00000000d5580000)
  object space 354304K, 66% used [0x0000000080000000,0x000000008e670c28,0x0000000095a00000)
 Metaspace       used 116048K, capacity 122450K, committed 122968K, reserved 1157120K
  class space    used 13810K, capacity 15856K, committed 15960K, reserved 1048576K
Event: 537.254 GC heap after
Heap after GC invocations=32 (full 10):
 PSYoungGen      total 623104K, used 0K [0x00000000d5580000, 0x0000000100000000, 0x0000000100000000)
  eden space 546304K, 0% used [0x00000000d5580000,0x00000000d5580000,0x00000000f6b00000)
  from space 76800K, 0% used [0x00000000fb500000,0x00000000fb500000,0x0000000100000000)
  to   space 75776K, 0% used [0x00000000f6b00000,0x00000000f6b00000,0x00000000fb500000)
 ParOldGen       total 354304K, used 235475K [0x0000000080000000, 0x0000000095a00000, 0x00000000d5580000)
  object space 354304K, 66% used [0x0000000080000000,0x000000008e5f4fe0,0x0000000095a00000)
 Metaspace       used 116048K, capacity 122450K, committed 122968K, reserved 1157120K
  class space    used 13810K, capacity 15856K, committed 15960K, reserved 1048576K
}
Event: 596.588 GC heap before
{Heap before GC invocations=33 (full 10):
 PSYoungGen      total 623104K, used 9089K [0x00000000d5580000, 0x0000000100000000, 0x0000000100000000)
  eden space 546304K, 1% used [0x00000000d5580000,0x00000000d5e60708,0x00000000f6b00000)
  from space 76800K, 0% used [0x00000000fb500000,0x00000000fb500000,0x0000000100000000)
  to   space 75776K, 0% used [0x00000000f6b00000,0x00000000f6b00000,0x00000000fb500000)
 ParOldGen       total 354304K, used 235475K [0x0000000080000000, 0x0000000095a00000, 0x00000000d5580000)
  object space 354304K, 66% used [0x0000000080000000,0x000000008e5f4fe0,0x0000000095a00000)
 Metaspace       used 116052K, capacity 122450K, committed 122968K, reserved 1157120K
  class space    used 13810K, capacity 15856K, committed 15960K, reserved 1048576K
Event: 596.593 GC heap after
Heap after GC invocations=33 (full 10):
 PSYoungGen      total 622080K, used 96K [0x00000000d5580000, 0x0000000100000000, 0x0000000100000000)
  eden space 546304K, 0% used [0x00000000d5580000,0x00000000d5580000,0x00000000f6b00000)
  from space 75776K, 0% used [0x00000000f6b00000,0x00000000f6b18000,0x00000000fb500000)
  to   space 74240K, 0% used [0x00000000fb780000,0x00000000fb780000,0x0000000100000000)
 ParOldGen       total 354304K, used 235475K [0x0000000080000000, 0x0000000095a00000, 0x00000000d5580000)
  object space 354304K, 66% used [0x0000000080000000,0x000000008e5f4fe0,0x0000000095a00000)
 Metaspace       used 116052K, capacity 122450K, committed 122968K, reserved 1157120K
  class space    used 13810K, capacity 15856K, committed 15960K, reserved 1048576K
}
Event: 596.593 GC heap before
{Heap before GC invocations=34 (full 11):
 PSYoungGen      total 622080K, used 96K [0x00000000d5580000, 0x0000000100000000, 0x0000000100000000)
  eden space 546304K, 0% used [0x00000000d5580000,0x00000000d5580000,0x00000000f6b00000)
  from space 75776K, 0% used [0x00000000f6b00000,0x00000000f6b18000,0x00000000fb500000)
  to   space 74240K, 0% used [0x00000000fb780000,0x00000000fb780000,0x0000000100000000)
 ParOldGen       total 354304K, used 235475K [0x0000000080000000, 0x0000000095a00000, 0x00000000d5580000)
  object space 354304K, 66% used [0x0000000080000000,0x000000008e5f4fe0,0x0000000095a00000)
 Metaspace       used 116052K, capacity 122450K, committed 122968K, reserved 1157120K
  class space    used 13810K, capacity 15856K, committed 15960K, reserved 1048576K
Event: 597.142 GC heap after
Heap after GC invocations=34 (full 11):
 PSYoungGen      total 622080K, used 0K [0x00000000d5580000, 0x0000000100000000, 0x0000000100000000)
  eden space 546304K, 0% used [0x00000000d5580000,0x00000000d5580000,0x00000000f6b00000)
  from space 75776K, 0% used [0x00000000f6b00000,0x00000000f6b00000,0x00000000fb500000)
  to   space 74240K, 0% used [0x00000000fb780000,0x00000000fb780000,0x0000000100000000)
 ParOldGen       total 354304K, used 235478K [0x0000000080000000, 0x0000000095a00000, 0x00000000d5580000)
  object space 354304K, 66% used [0x0000000080000000,0x000000008e5f59a0,0x0000000095a00000)
 Metaspace       used 116052K, capacity 122450K, committed 122968K, reserved 1157120K
  class space    used 13810K, capacity 15856K, committed 15960K, reserved 1048576K
}

