# JRE version: Java(TM) SE Runtime Environment (8.0_25-b17) (build 1.8.0_25-b17)
# Java VM: Java HotSpot(TM) 64-Bit Server VM (25.25-b02 mixed mode linux-amd64 compressed oops)
Heap:
 PSYoungGen      total 629248K, used 111384K [0x00000000d5580000, 0x0000000100000000, 0x0000000100000000)
  eden space 556544K, 20% used [0x00000000d5580000,0x00000000dc246380,0x00000000f7500000)
  from space 72704K, 0% used [0x00000000fb900000,0x00000000fb900000,0x0000000100000000)
  to   space 69632K, 0% used [0x00000000f7500000,0x00000000f7500000,0x00000000fb900000)
 ParOldGen       total 375808K, used 176026K [0x0000000080000000, 0x0000000096f00000, 0x00000000d5580000)
  object space 375808K, 46% used [0x0000000080000000,0x000000008abe69d0,0x0000000096f00000)
 Metaspace       used 94142K, capacity 100074K, committed 100288K, reserved 1134592K
  class space    used 12172K, capacity 14252K, committed 14336K, reserved 1048576K
GC Heap History (10 events):
Event: 15.887 GC heap before
{Heap before GC invocations=12 (full 3):
 PSYoungGen      total 445440K, used 43952K [0x00000000d5580000, 0x00000000ff180000, 0x0000000100000000)
  eden space 377344K, 0% used [0x00000000d5580000,0x00000000d5580000,0x00000000ec600000)
  from space 68096K, 64% used [0x00000000ec600000,0x00000000ef0ec268,0x00000000f0880000)
  to   space 69120K, 0% used [0x00000000fae00000,0x00000000fae00000,0x00000000ff180000)
 ParOldGen       total 224256K, used 107587K [0x0000000080000000, 0x000000008db00000, 0x00000000d5580000)
  object space 224256K, 47% used [0x0000000080000000,0x0000000086910f58,0x000000008db00000)
 Metaspace       used 55012K, capacity 59056K, committed 59096K, reserved 1099776K
  class space    used 6788K, capacity 8178K, committed 8192K, reserved 1048576K
Event: 16.461 GC heap after
Heap after GC invocations=12 (full 3):
 PSYoungGen      total 445440K, used 0K [0x00000000d5580000, 0x00000000ff180000, 0x0000000100000000)
  eden space 377344K, 0% used [0x00000000d5580000,0x00000000d5580000,0x00000000ec600000)
  from space 68096K, 0% used [0x00000000ec600000,0x00000000ec600000,0x00000000f0880000)
  to   space 69120K, 0% used [0x00000000fae00000,0x00000000fae00000,0x00000000ff180000)
 ParOldGen       total 291328K, used 124955K [0x0000000080000000, 0x0000000091c80000, 0x00000000d5580000)
  object space 291328K, 42% used [0x0000000080000000,0x0000000087a06dc0,0x0000000091c80000)
 Metaspace       used 55012K, capacity 59056K, committed 59096K, reserved 1099776K
  class space    used 6788K, capacity 8178K, committed 8192K, reserved 1048576K
}
Event: 19.484 GC heap before
{Heap before GC invocations=13 (full 3):
 PSYoungGen      total 445440K, used 377344K [0x00000000d5580000, 0x00000000ff180000, 0x0000000100000000)
  eden space 377344K, 100% used [0x00000000d5580000,0x00000000ec600000,0x00000000ec600000)
  from space 68096K, 0% used [0x00000000ec600000,0x00000000ec600000,0x00000000f0880000)
  to   space 69120K, 0% used [0x00000000fae00000,0x00000000fae00000,0x00000000ff180000)
 ParOldGen       total 291328K, used 124955K [0x0000000080000000, 0x0000000091c80000, 0x00000000d5580000)
  object space 291328K, 42% used [0x0000000080000000,0x0000000087a06dc0,0x0000000091c80000)
 Metaspace       used 68414K, capacity 72720K, committed 72920K, reserved 1112064K
  class space    used 8871K, capacity 10411K, committed 10496K, reserved 1048576K
Event: 19.546 GC heap after
Heap after GC invocations=13 (full 3):
 PSYoungGen      total 559616K, used 30593K [0x00000000d5580000, 0x00000000fd380000, 0x0000000100000000)
  eden space 521216K, 0% used [0x00000000d5580000,0x00000000d5580000,0x00000000f5280000)
  from space 38400K, 79% used [0x00000000fae00000,0x00000000fcbe0620,0x00000000fd380000)
  to   space 66048K, 0% used [0x00000000f5280000,0x00000000f5280000,0x00000000f9300000)
 ParOldGen       total 291328K, used 124963K [0x0000000080000000, 0x0000000091c80000, 0x00000000d5580000)
  object space 291328K, 42% used [0x0000000080000000,0x0000000087a08dc0,0x0000000091c80000)
 Metaspace       used 68414K, capacity 72720K, committed 72920K, reserved 1112064K
  class space    used 8871K, capacity 10411K, committed 10496K, reserved 1048576K
}
Event: 23.790 GC heap before
{Heap before GC invocations=14 (full 3):
 PSYoungGen      total 559616K, used 551809K [0x00000000d5580000, 0x00000000fd380000, 0x0000000100000000)
  eden space 521216K, 100% used [0x00000000d5580000,0x00000000f5280000,0x00000000f5280000)
  from space 38400K, 79% used [0x00000000fae00000,0x00000000fcbe0620,0x00000000fd380000)
  to   space 66048K, 0% used [0x00000000f5280000,0x00000000f5280000,0x00000000f9300000)
 ParOldGen       total 291328K, used 124963K [0x0000000080000000, 0x0000000091c80000, 0x00000000d5580000)
  object space 291328K, 42% used [0x0000000080000000,0x0000000087a08dc0,0x0000000091c80000)
 Metaspace       used 86941K, capacity 92388K, committed 92632K, reserved 1128448K
  class space    used 11304K, capacity 13262K, committed 13312K, reserved 1048576K
Event: 23.888 GC heap after
Heap after GC invocations=14 (full 3):
 PSYoungGen      total 587264K, used 60555K [0x00000000d5580000, 0x0000000100000000, 0x0000000100000000)
  eden space 521216K, 0% used [0x00000000d5580000,0x00000000d5580000,0x00000000f5280000)
  from space 66048K, 91% used [0x00000000f5280000,0x00000000f8da2cf8,0x00000000f9300000)
  to   space 72704K, 0% used [0x00000000fb900000,0x00000000fb900000,0x0000000100000000)
 ParOldGen       total 291328K, used 124971K [0x0000000080000000, 0x0000000091c80000, 0x00000000d5580000)
  object space 291328K, 42% used [0x0000000080000000,0x0000000087a0adc0,0x0000000091c80000)
 Metaspace       used 86941K, capacity 92388K, committed 92632K, reserved 1128448K
  class space    used 11304K, capacity 13262K, committed 13312K, reserved 1048576K
}
Event: 25.240 GC heap before
{Heap before GC invocations=15 (full 3):
 PSYoungGen      total 587264K, used 235093K [0x00000000d5580000, 0x0000000100000000, 0x0000000100000000)
  eden space 521216K, 33% used [0x00000000d5580000,0x00000000dfff2828,0x00000000f5280000)
  from space 66048K, 91% used [0x00000000f5280000,0x00000000f8da2cf8,0x00000000f9300000)
  to   space 72704K, 0% used [0x00000000fb900000,0x00000000fb900000,0x0000000100000000)
 ParOldGen       total 291328K, used 124971K [0x0000000080000000, 0x0000000091c80000, 0x00000000d5580000)
  object space 291328K, 42% used [0x0000000080000000,0x0000000087a0adc0,0x0000000091c80000)
 Metaspace       used 92369K, capacity 98290K, committed 98496K, reserved 1134592K
  class space    used 11964K, capacity 13954K, committed 14080K, reserved 1048576K
Event: 25.329 GC heap after
Heap after GC invocations=15 (full 3):
 PSYoungGen      total 629248K, used 38000K [0x00000000d5580000, 0x0000000100000000, 0x0000000100000000)
  eden space 556544K, 0% used [0x00000000d5580000,0x00000000d5580000,0x00000000f7500000)
  from space 72704K, 52% used [0x00000000fb900000,0x00000000fde1c100,0x0000000100000000)
  to   space 69632K, 0% used [0x00000000f7500000,0x00000000f7500000,0x00000000fb900000)
 ParOldGen       total 291328K, used 141013K [0x0000000080000000, 0x0000000091c80000, 0x00000000d5580000)
  object space 291328K, 48% used [0x0000000080000000,0x00000000889b57c0,0x0000000091c80000)
 Metaspace       used 92369K, capacity 98290K, committed 98496K, reserved 1134592K
  class space    used 11964K, capacity 13954K, committed 14080K, reserved 1048576K
}
Event: 25.329 GC heap before
{Heap before GC invocations=16 (full 4):
 PSYoungGen      total 629248K, used 38000K [0x00000000d5580000, 0x0000000100000000, 0x0000000100000000)
  eden space 556544K, 0% used [0x00000000d5580000,0x00000000d5580000,0x00000000f7500000)
  from space 72704K, 52% used [0x00000000fb900000,0x00000000fde1c100,0x0000000100000000)
  to   space 69632K, 0% used [0x00000000f7500000,0x00000000f7500000,0x00000000fb900000)
 ParOldGen       total 291328K, used 141013K [0x0000000080000000, 0x0000000091c80000, 0x00000000d5580000)
  object space 291328K, 48% used [0x0000000080000000,0x00000000889b57c0,0x0000000091c80000)
 Metaspace       used 92369K, capacity 98290K, committed 98496K, reserved 1134592K
  class space    used 11964K, capacity 13954K, committed 14080K, reserved 1048576K
Event: 26.060 GC heap after
Heap after GC invocations=16 (full 4):
 PSYoungGen      total 629248K, used 0K [0x00000000d5580000, 0x0000000100000000, 0x0000000100000000)
  eden space 556544K, 0% used [0x00000000d5580000,0x00000000d5580000,0x00000000f7500000)
  from space 72704K, 0% used [0x00000000fb900000,0x00000000fb900000,0x0000000100000000)
  to   space 69632K, 0% used [0x00000000f7500000,0x00000000f7500000,0x00000000fb900000)
 ParOldGen       total 375808K, used 176026K [0x0000000080000000, 0x0000000096f00000, 0x00000000d5580000)
  object space 375808K, 46% used [0x0000000080000000,0x000000008abe69d0,0x0000000096f00000)
 Metaspace       used 92369K, capacity 98290K, committed 98496K, reserved 1134592K
  class space    used 11964K, capacity 13954K, committed 14080K, reserved 1048576K
}

