# JRE version: Java(TM) SE Runtime Environment (8.0_25-b17) (build 1.8.0_25-b17)
# Java VM: Java HotSpot(TM) 64-Bit Server VM (25.25-b02 mixed mode linux-amd64 compressed oops)
Heap:
 PSYoungGen      total 446976K, used 319044K [0x00000000d6500000, 0x00000000fe180000, 0x0000000100000000)
  eden space 396288K, 67% used [0x00000000d6500000,0x00000000e6b14030,0x00000000ee800000)
  from space 50688K, 99% used [0x00000000ee800000,0x00000000f197d258,0x00000000f1980000)
  to   space 64512K, 0% used [0x00000000fa280000,0x00000000fa280000,0x00000000fe180000)
 ParOldGen       total 148480K, used 96284K [0x0000000082e00000, 0x000000008bf00000, 0x00000000d6500000)
  object space 148480K, 64% used [0x0000000082e00000,0x0000000088c07028,0x000000008bf00000)
 Metaspace       used 12614K, capacity 12738K, committed 13056K, reserved 1060864K
  class space    used 1430K, capacity 1463K, committed 1536K, reserved 1048576K
GC Heap History (10 events):
Event: 15.139 GC heap before
{Heap before GC invocations=8 (full 0):
 PSYoungGen      total 147968K, used 147943K [0x00000000d6500000, 0x00000000e8e00000, 0x0000000100000000)
  eden space 131072K, 100% used [0x00000000d6500000,0x00000000de500000,0x00000000de500000)
  from space 16896K, 99% used [0x00000000de500000,0x00000000df579cf8,0x00000000df580000)
  to   space 20992K, 0% used [0x00000000e7980000,0x00000000e7980000,0x00000000e8e00000)
 ParOldGen       total 86016K, used 25887K [0x0000000082e00000, 0x0000000088200000, 0x00000000d6500000)
  object space 86016K, 30% used [0x0000000082e00000,0x0000000084747eb8,0x0000000088200000)
 Metaspace       used 12594K, capacity 12740K, committed 13056K, reserved 1060864K
  class space    used 1426K, capacity 1464K, committed 1536K, reserved 1048576K
Event: 15.181 GC heap after
Heap after GC invocations=8 (full 0):
 PSYoungGen      total 276992K, used 20961K [0x00000000d6500000, 0x00000000e9a00000, 0x0000000100000000)
  eden space 256000K, 0% used [0x00000000d6500000,0x00000000d6500000,0x00000000e5f00000)
  from space 20992K, 99% used [0x00000000e7980000,0x00000000e8df8400,0x00000000e8e00000)
  to   space 27136K, 0% used [0x00000000e5f00000,0x00000000e5f00000,0x00000000e7980000)
 ParOldGen       total 86016K, used 32594K [0x0000000082e00000, 0x0000000088200000, 0x00000000d6500000)
  object space 86016K, 37% used [0x0000000082e00000,0x0000000084dd4818,0x0000000088200000)
 Metaspace       used 12594K, capacity 12740K, committed 13056K, reserved 1060864K
  class space    used 1426K, capacity 1464K, committed 1536K, reserved 1048576K
}
Event: 16.122 GC heap before
{Heap before GC invocations=9 (full 0):
 PSYoungGen      total 276992K, used 276961K [0x00000000d6500000, 0x00000000e9a00000, 0x0000000100000000)
  eden space 256000K, 100% used [0x00000000d6500000,0x00000000e5f00000,0x00000000e5f00000)
  from space 20992K, 99% used [0x00000000e7980000,0x00000000e8df8400,0x00000000e8e00000)
  to   space 27136K, 0% used [0x00000000e5f00000,0x00000000e5f00000,0x00000000e7980000)
 ParOldGen       total 86016K, used 32594K [0x0000000082e00000, 0x0000000088200000, 0x00000000d6500000)
  object space 86016K, 37% used [0x0000000082e00000,0x0000000084dd4818,0x0000000088200000)
 Metaspace       used 12594K, capacity 12740K, committed 13056K, reserved 1060864K
  class space    used 1426K, capacity 1464K, committed 1536K, reserved 1048576K
Event: 16.179 GC heap after
Heap after GC invocations=9 (full 0):
 PSYoungGen      total 283136K, used 27114K [0x00000000d6500000, 0x00000000f3e00000, 0x0000000100000000)
  eden space 256000K, 0% used [0x00000000d6500000,0x00000000d6500000,0x00000000e5f00000)
  from space 27136K, 99% used [0x00000000e5f00000,0x00000000e797a980,0x00000000e7980000)
  to   space 37376K, 0% used [0x00000000f1980000,0x00000000f1980000,0x00000000f3e00000)
 ParOldGen       total 86016K, used 47165K [0x0000000082e00000, 0x0000000088200000, 0x00000000d6500000)
  object space 86016K, 54% used [0x0000000082e00000,0x0000000085c0f760,0x0000000088200000)
 Metaspace       used 12594K, capacity 12740K, committed 13056K, reserved 1060864K
  class space    used 1426K, capacity 1464K, committed 1536K, reserved 1048576K
}
Event: 17.070 GC heap before
{Heap before GC invocations=10 (full 0):
 PSYoungGen      total 283136K, used 283114K [0x00000000d6500000, 0x00000000f3e00000, 0x0000000100000000)
  eden space 256000K, 100% used [0x00000000d6500000,0x00000000e5f00000,0x00000000e5f00000)
  from space 27136K, 99% used [0x00000000e5f00000,0x00000000e797a980,0x00000000e7980000)
  to   space 37376K, 0% used [0x00000000f1980000,0x00000000f1980000,0x00000000f3e00000)
 ParOldGen       total 86016K, used 47165K [0x0000000082e00000, 0x0000000088200000, 0x00000000d6500000)
  object space 86016K, 54% used [0x0000000082e00000,0x0000000085c0f760,0x0000000088200000)
 Metaspace       used 12595K, capacity 12740K, committed 13056K, reserved 1060864K
  class space    used 1426K, capacity 1464K, committed 1536K, reserved 1048576K
Event: 17.168 GC heap after
Heap after GC invocations=10 (full 0):
 PSYoungGen      total 433664K, used 37365K [0x00000000d6500000, 0x00000000f5800000, 0x0000000100000000)
  eden space 396288K, 0% used [0x00000000d6500000,0x00000000d6500000,0x00000000ee800000)
  from space 37376K, 99% used [0x00000000f1980000,0x00000000f3dfd448,0x00000000f3e00000)
  to   space 50688K, 0% used [0x00000000ee800000,0x00000000ee800000,0x00000000f1980000)
 ParOldGen       total 86016K, used 67929K [0x0000000082e00000, 0x0000000088200000, 0x00000000d6500000)
  object space 86016K, 78% used [0x0000000082e00000,0x0000000087056770,0x0000000088200000)
 Metaspace       used 12595K, capacity 12740K, committed 13056K, reserved 1060864K
  class space    used 1426K, capacity 1464K, committed 1536K, reserved 1048576K
}
Event: 17.168 GC heap before
{Heap before GC invocations=11 (full 1):
 PSYoungGen      total 433664K, used 37365K [0x00000000d6500000, 0x00000000f5800000, 0x0000000100000000)
  eden space 396288K, 0% used [0x00000000d6500000,0x00000000d6500000,0x00000000ee800000)
  from space 37376K, 99% used [0x00000000f1980000,0x00000000f3dfd448,0x00000000f3e00000)
  to   space 50688K, 0% used [0x00000000ee800000,0x00000000ee800000,0x00000000f1980000)
 ParOldGen       total 86016K, used 67929K [0x0000000082e00000, 0x0000000088200000, 0x00000000d6500000)
  object space 86016K, 78% used [0x0000000082e00000,0x0000000087056770,0x0000000088200000)
 Metaspace       used 12595K, capacity 12740K, committed 13056K, reserved 1060864K
  class space    used 1426K, capacity 1464K, committed 1536K, reserved 1048576K
Event: 18.103 GC heap after
Heap after GC invocations=11 (full 1):
 PSYoungGen      total 433664K, used 0K [0x00000000d6500000, 0x00000000f5800000, 0x0000000100000000)
  eden space 396288K, 0% used [0x00000000d6500000,0x00000000d6500000,0x00000000ee800000)
  from space 37376K, 0% used [0x00000000f1980000,0x00000000f1980000,0x00000000f3e00000)
  to   space 50688K, 0% used [0x00000000ee800000,0x00000000ee800000,0x00000000f1980000)
 ParOldGen       total 148480K, used 82043K [0x0000000082e00000, 0x000000008bf00000, 0x00000000d6500000)
  object space 148480K, 55% used [0x0000000082e00000,0x0000000087e1ecc0,0x000000008bf00000)
 Metaspace       used 12593K, capacity 12738K, committed 13056K, reserved 1060864K
  class space    used 1425K, capacity 1463K, committed 1536K, reserved 1048576K
}
Event: 19.777 GC heap before
{Heap before GC invocations=12 (full 1):
 PSYoungGen      total 433664K, used 396288K [0x00000000d6500000, 0x00000000f5800000, 0x0000000100000000)
  eden space 396288K, 100% used [0x00000000d6500000,0x00000000ee800000,0x00000000ee800000)
  from space 37376K, 0% used [0x00000000f1980000,0x00000000f1980000,0x00000000f3e00000)
  to   space 50688K, 0% used [0x00000000ee800000,0x00000000ee800000,0x00000000f1980000)
 ParOldGen       total 148480K, used 82043K [0x0000000082e00000, 0x000000008bf00000, 0x00000000d6500000)
  object space 148480K, 55% used [0x0000000082e00000,0x0000000087e1ecc0,0x000000008bf00000)
 Metaspace       used 12593K, capacity 12738K, committed 13056K, reserved 1060864K
  class space    used 1425K, capacity 1463K, committed 1536K, reserved 1048576K
Event: 19.870 GC heap after
Heap after GC invocations=12 (full 1):
 PSYoungGen      total 446976K, used 50676K [0x00000000d6500000, 0x00000000fe180000, 0x0000000100000000)
  eden space 396288K, 0% used [0x00000000d6500000,0x00000000d6500000,0x00000000ee800000)
  from space 50688K, 99% used [0x00000000ee800000,0x00000000f197d258,0x00000000f1980000)
  to   space 64512K, 0% used [0x00000000fa280000,0x00000000fa280000,0x00000000fe180000)
 ParOldGen       total 148480K, used 96284K [0x0000000082e00000, 0x000000008bf00000, 0x00000000d6500000)
  object space 148480K, 64% used [0x0000000082e00000,0x0000000088c07028,0x000000008bf00000)
 Metaspace       used 12593K, capacity 12738K, committed 13056K, reserved 1060864K
  class space    used 1425K, capacity 1463K, committed 1536K, reserved 1048576K
}

