# JRE version: Java(TM) SE Runtime Environment (8.0_25-b17) (build 1.8.0_25-b17)
# Java VM: Java HotSpot(TM) 64-Bit Server VM (25.25-b02 mixed mode linux-amd64 compressed oops)
Heap:
 PSYoungGen      total 147456K, used 112450K [0x00000000d6500000, 0x00000000e8500000, 0x0000000100000000)
  eden space 131072K, 82% used [0x00000000d6500000,0x00000000dce20a70,0x00000000de500000)
  from space 16384K, 29% used [0x00000000de500000,0x00000000de9b00d0,0x00000000df500000)
  to   space 16384K, 0% used [0x00000000e7500000,0x00000000e7500000,0x00000000e8500000)
 ParOldGen       total 86016K, used 24526K [0x0000000082e00000, 0x0000000088200000, 0x00000000d6500000)
  object space 86016K, 28% used [0x0000000082e00000,0x00000000845f3a78,0x0000000088200000)
 Metaspace       used 12495K, capacity 12612K, committed 12800K, reserved 1060864K
  class space    used 1428K, capacity 1464K, committed 1536K, reserved 1048576K
GC Heap History (10 events):
Event: 3.363 GC heap before
{Heap before GC invocations=3 (full 0):
 PSYoungGen      total 37888K, used 37856K [0x00000000d6500000, 0x00000000daf00000, 0x0000000100000000)
  eden space 32768K, 100% used [0x00000000d6500000,0x00000000d8500000,0x00000000d8500000)
  from space 5120K, 99% used [0x00000000d8a00000,0x00000000d8ef8040,0x00000000d8f00000)
  to   space 5120K, 0% used [0x00000000d8500000,0x00000000d8500000,0x00000000d8a00000)
 ParOldGen       total 86016K, used 3912K [0x0000000082e00000, 0x0000000088200000, 0x00000000d6500000)
  object space 86016K, 4% used [0x0000000082e00000,0x00000000831d2000,0x0000000088200000)
 Metaspace       used 10476K, capacity 10596K, committed 10752K, reserved 1058816K
  class space    used 1200K, capacity 1240K, committed 1280K, reserved 1048576K
Event: 3.393 GC heap after
Heap after GC invocations=3 (full 0):
 PSYoungGen      total 37888K, used 5104K [0x00000000d6500000, 0x00000000daf00000, 0x0000000100000000)
  eden space 32768K, 0% used [0x00000000d6500000,0x00000000d6500000,0x00000000d8500000)
  from space 5120K, 99% used [0x00000000d8500000,0x00000000d89fc0b0,0x00000000d8a00000)
  to   space 5120K, 0% used [0x00000000daa00000,0x00000000daa00000,0x00000000daf00000)
 ParOldGen       total 86016K, used 11845K [0x0000000082e00000, 0x0000000088200000, 0x00000000d6500000)
  object space 86016K, 13% used [0x0000000082e00000,0x00000000839916b0,0x0000000088200000)
 Metaspace       used 10476K, capacity 10596K, committed 10752K, reserved 1058816K
  class space    used 1200K, capacity 1240K, committed 1280K, reserved 1048576K
}
Event: 10.314 GC heap before
{Heap before GC invocations=4 (full 0):
 PSYoungGen      total 37888K, used 37872K [0x00000000d6500000, 0x00000000daf00000, 0x0000000100000000)
  eden space 32768K, 100% used [0x00000000d6500000,0x00000000d8500000,0x00000000d8500000)
  from space 5120K, 99% used [0x00000000d8500000,0x00000000d89fc0b0,0x00000000d8a00000)
  to   space 5120K, 0% used [0x00000000daa00000,0x00000000daa00000,0x00000000daf00000)
 ParOldGen       total 86016K, used 11845K [0x0000000082e00000, 0x0000000088200000, 0x00000000d6500000)
  object space 86016K, 13% used [0x0000000082e00000,0x00000000839916b0,0x0000000088200000)
 Metaspace       used 12245K, capacity 12324K, committed 12544K, reserved 1060864K
  class space    used 1396K, capacity 1432K, committed 1536K, reserved 1048576K
Event: 10.335 GC heap after
Heap after GC invocations=4 (full 0):
 PSYoungGen      total 70656K, used 5116K [0x00000000d6500000, 0x00000000daf00000, 0x0000000100000000)
  eden space 65536K, 0% used [0x00000000d6500000,0x00000000d6500000,0x00000000da500000)
  from space 5120K, 99% used [0x00000000daa00000,0x00000000daeff2b0,0x00000000daf00000)
  to   space 5120K, 0% used [0x00000000da500000,0x00000000da500000,0x00000000daa00000)
 ParOldGen       total 86016K, used 20486K [0x0000000082e00000, 0x0000000088200000, 0x00000000d6500000)
  object space 86016K, 23% used [0x0000000082e00000,0x0000000084201a18,0x0000000088200000)
 Metaspace       used 12245K, capacity 12324K, committed 12544K, reserved 1060864K
  class space    used 1396K, capacity 1432K, committed 1536K, reserved 1048576K
}
Event: 10.474 GC heap before
{Heap before GC invocations=5 (full 0):
 PSYoungGen      total 70656K, used 70652K [0x00000000d6500000, 0x00000000daf00000, 0x0000000100000000)
  eden space 65536K, 100% used [0x00000000d6500000,0x00000000da500000,0x00000000da500000)
  from space 5120K, 99% used [0x00000000daa00000,0x00000000daeff2b0,0x00000000daf00000)
  to   space 5120K, 0% used [0x00000000da500000,0x00000000da500000,0x00000000daa00000)
 ParOldGen       total 86016K, used 20486K [0x0000000082e00000, 0x0000000088200000, 0x00000000d6500000)
  object space 86016K, 23% used [0x0000000082e00000,0x0000000084201a18,0x0000000088200000)
 Metaspace       used 12246K, capacity 12324K, committed 12544K, reserved 1060864K
  class space    used 1396K, capacity 1432K, committed 1536K, reserved 1048576K
Event: 10.489 GC heap after
Heap after GC invocations=5 (full 0):
 PSYoungGen      total 70656K, used 5115K [0x00000000d6500000, 0x00000000e0700000, 0x0000000100000000)
  eden space 65536K, 0% used [0x00000000d6500000,0x00000000d6500000,0x00000000da500000)
  from space 5120K, 99% used [0x00000000da500000,0x00000000da9feff8,0x00000000daa00000)
  to   space 17408K, 0% used [0x00000000df600000,0x00000000df600000,0x00000000e0700000)
 ParOldGen       total 86016K, used 23510K [0x0000000082e00000, 0x0000000088200000, 0x00000000d6500000)
  object space 86016K, 27% used [0x0000000082e00000,0x00000000844f5a18,0x0000000088200000)
 Metaspace       used 12246K, capacity 12324K, committed 12544K, reserved 1060864K
  class space    used 1396K, capacity 1432K, committed 1536K, reserved 1048576K
}
Event: 10.701 GC heap before
{Heap before GC invocations=6 (full 0):
 PSYoungGen      total 70656K, used 70182K [0x00000000d6500000, 0x00000000e0700000, 0x0000000100000000)
  eden space 65536K, 99% used [0x00000000d6500000,0x00000000da48a830,0x00000000da500000)
  from space 5120K, 99% used [0x00000000da500000,0x00000000da9feff8,0x00000000daa00000)
  to   space 17408K, 0% used [0x00000000df600000,0x00000000df600000,0x00000000e0700000)
 ParOldGen       total 86016K, used 23510K [0x0000000082e00000, 0x0000000088200000, 0x00000000d6500000)
  object space 86016K, 27% used [0x0000000082e00000,0x00000000844f5a18,0x0000000088200000)
 Metaspace       used 12246K, capacity 12324K, committed 12544K, reserved 1060864K
  class space    used 1396K, capacity 1432K, committed 1536K, reserved 1048576K
Event: 10.713 GC heap after
Heap after GC invocations=6 (full 0):
 PSYoungGen      total 146432K, used 8111K [0x00000000d6500000, 0x00000000e0500000, 0x0000000100000000)
  eden space 131072K, 0% used [0x00000000d6500000,0x00000000d6500000,0x00000000de500000)
  from space 15360K, 52% used [0x00000000df600000,0x00000000dfdebff8,0x00000000e0500000)
  to   space 16384K, 0% used [0x00000000de500000,0x00000000de500000,0x00000000df500000)
 ParOldGen       total 86016K, used 23518K [0x0000000082e00000, 0x0000000088200000, 0x00000000d6500000)
  object space 86016K, 27% used [0x0000000082e00000,0x00000000844f7a18,0x0000000088200000)
 Metaspace       used 12246K, capacity 12324K, committed 12544K, reserved 1060864K
  class space    used 1396K, capacity 1432K, committed 1536K, reserved 1048576K
}
Event: 11.355 GC heap before
{Heap before GC invocations=7 (full 0):
 PSYoungGen      total 146432K, used 139183K [0x00000000d6500000, 0x00000000e0500000, 0x0000000100000000)
  eden space 131072K, 100% used [0x00000000d6500000,0x00000000de500000,0x00000000de500000)
  from space 15360K, 52% used [0x00000000df600000,0x00000000dfdebff8,0x00000000e0500000)
  to   space 16384K, 0% used [0x00000000de500000,0x00000000de500000,0x00000000df500000)
 ParOldGen       total 86016K, used 23518K [0x0000000082e00000, 0x0000000088200000, 0x00000000d6500000)
  object space 86016K, 27% used [0x0000000082e00000,0x00000000844f7a18,0x0000000088200000)
 Metaspace       used 12282K, capacity 12388K, committed 12544K, reserved 1060864K
  class space    used 1396K, capacity 1432K, committed 1536K, reserved 1048576K
Event: 11.369 GC heap after
Heap after GC invocations=7 (full 0):
 PSYoungGen      total 147456K, used 4800K [0x00000000d6500000, 0x00000000e8500000, 0x0000000100000000)
  eden space 131072K, 0% used [0x00000000d6500000,0x00000000d6500000,0x00000000de500000)
  from space 16384K, 29% used [0x00000000de500000,0x00000000de9b00d0,0x00000000df500000)
  to   space 16384K, 0% used [0x00000000e7500000,0x00000000e7500000,0x00000000e8500000)
 ParOldGen       total 86016K, used 24526K [0x0000000082e00000, 0x0000000088200000, 0x00000000d6500000)
  object space 86016K, 28% used [0x0000000082e00000,0x00000000845f3a78,0x0000000088200000)
 Metaspace       used 12282K, capacity 12388K, committed 12544K, reserved 1060864K
  class space    used 1396K, capacity 1432K, committed 1536K, reserved 1048576K
}

