# JRE version: Java(TM) SE Runtime Environment (8.0_25-b17) (build 1.8.0_25-b17)
# Java VM: Java HotSpot(TM) 64-Bit Server VM (25.25-b02 mixed mode linux-amd64 compressed oops)
Heap:
 PSYoungGen      total 612352K, used 88760K [0x00000000d5580000, 0x0000000100000000, 0x0000000100000000)
  eden space 520704K, 8% used [0x00000000d5580000,0x00000000d82e02f8,0x00000000f5200000)
  from space 91648K, 46% used [0x00000000fa680000,0x00000000fcfcde18,0x0000000100000000)
  to   space 86528K, 0% used [0x00000000f5200000,0x00000000f5200000,0x00000000fa680000)
 ParOldGen       total 392704K, used 184060K [0x0000000080000000, 0x0000000097f80000, 0x00000000d5580000)
  object space 392704K, 46% used [0x0000000080000000,0x000000008b3bf3b0,0x0000000097f80000)
 Metaspace       used 102165K, capacity 108388K, committed 108632K, reserved 1142784K
  class space    used 12825K, capacity 14879K, committed 14976K, reserved 1048576K
GC Heap History (10 events):
Event: 30.852 GC heap before
{Heap before GC invocations=12 (full 3):
 PSYoungGen      total 485376K, used 433152K [0x00000000d5580000, 0x00000000f8400000, 0x0000000100000000)
  eden space 433152K, 100% used [0x00000000d5580000,0x00000000efc80000,0x00000000efc80000)
  from space 52224K, 0% used [0x00000000f3b00000,0x00000000f3b00000,0x00000000f6e00000)
  to   space 64000K, 0% used [0x00000000efc80000,0x00000000efc80000,0x00000000f3b00000)
 ParOldGen       total 295936K, used 127550K [0x0000000080000000, 0x0000000092100000, 0x00000000d5580000)
  object space 295936K, 43% used [0x0000000080000000,0x0000000087c8f948,0x0000000092100000)
 Metaspace       used 80216K, capacity 85494K, committed 85848K, reserved 1122304K
  class space    used 10430K, capacity 12365K, committed 12416K, reserved 1048576K
Event: 30.991 GC heap after
Heap after GC invocations=12 (full 3):
 PSYoungGen      total 497152K, used 63971K [0x00000000d5580000, 0x00000000ffe00000, 0x0000000100000000)
  eden space 433152K, 0% used [0x00000000d5580000,0x00000000d5580000,0x00000000efc80000)
  from space 64000K, 99% used [0x00000000efc80000,0x00000000f3af8ec0,0x00000000f3b00000)
  to   space 77824K, 0% used [0x00000000fb200000,0x00000000fb200000,0x00000000ffe00000)
 ParOldGen       total 295936K, used 139402K [0x0000000080000000, 0x0000000092100000, 0x00000000d5580000)
  object space 295936K, 47% used [0x0000000080000000,0x0000000088822960,0x0000000092100000)
 Metaspace       used 80216K, capacity 85494K, committed 85848K, reserved 1122304K
  class space    used 10430K, capacity 12365K, committed 12416K, reserved 1048576K
}
Event: 33.308 GC heap before
{Heap before GC invocations=13 (full 3):
 PSYoungGen      total 497152K, used 497123K [0x00000000d5580000, 0x00000000ffe00000, 0x0000000100000000)
  eden space 433152K, 100% used [0x00000000d5580000,0x00000000efc80000,0x00000000efc80000)
  from space 64000K, 99% used [0x00000000efc80000,0x00000000f3af8ec0,0x00000000f3b00000)
  to   space 77824K, 0% used [0x00000000fb200000,0x00000000fb200000,0x00000000ffe00000)
 ParOldGen       total 295936K, used 139402K [0x0000000080000000, 0x0000000092100000, 0x00000000d5580000)
  object space 295936K, 47% used [0x0000000080000000,0x0000000088822960,0x0000000092100000)
 Metaspace       used 87419K, capacity 92716K, committed 92888K, reserved 1128448K
  class space    used 11297K, capacity 13235K, committed 13312K, reserved 1048576K
Event: 33.403 GC heap after
Heap after GC invocations=13 (full 3):
 PSYoungGen      total 607744K, used 65190K [0x00000000d5580000, 0x0000000100000000, 0x0000000100000000)
  eden space 529920K, 0% used [0x00000000d5580000,0x00000000d5580000,0x00000000f5b00000)
  from space 77824K, 83% used [0x00000000fb200000,0x00000000ff1a9990,0x00000000ffe00000)
  to   space 84480K, 0% used [0x00000000f5b00000,0x00000000f5b00000,0x00000000fad80000)
 ParOldGen       total 295936K, used 139410K [0x0000000080000000, 0x0000000092100000, 0x00000000d5580000)
  object space 295936K, 47% used [0x0000000080000000,0x0000000088824960,0x0000000092100000)
 Metaspace       used 87419K, capacity 92716K, committed 92888K, reserved 1128448K
  class space    used 11297K, capacity 13235K, committed 13312K, reserved 1048576K
}
Event: 37.180 GC heap before
{Heap before GC invocations=14 (full 3):
 PSYoungGen      total 607744K, used 332193K [0x00000000d5580000, 0x0000000100000000, 0x0000000100000000)
  eden space 529920K, 50% used [0x00000000d5580000,0x00000000e5a3ecf0,0x00000000f5b00000)
  from space 77824K, 83% used [0x00000000fb200000,0x00000000ff1a9990,0x00000000ffe00000)
  to   space 84480K, 0% used [0x00000000f5b00000,0x00000000f5b00000,0x00000000fad80000)
 ParOldGen       total 295936K, used 139410K [0x0000000080000000, 0x0000000092100000, 0x00000000d5580000)
  object space 295936K, 47% used [0x0000000080000000,0x0000000088824960,0x0000000092100000)
 Metaspace       used 92535K, capacity 98418K, committed 98496K, reserved 1134592K
  class space    used 11871K, capacity 13948K, committed 13952K, reserved 1048576K
Event: 37.294 GC heap after
Heap after GC invocations=14 (full 3):
 PSYoungGen      total 600064K, used 70111K [0x00000000d5580000, 0x0000000100000000, 0x0000000100000000)
  eden space 529920K, 0% used [0x00000000d5580000,0x00000000d5580000,0x00000000f5b00000)
  from space 70144K, 99% used [0x00000000f5b00000,0x00000000f9f77cb0,0x00000000f9f80000)
  to   space 91648K, 0% used [0x00000000fa680000,0x00000000fa680000,0x0000000100000000)
 ParOldGen       total 295936K, used 139418K [0x0000000080000000, 0x0000000092100000, 0x00000000d5580000)
  object space 295936K, 47% used [0x0000000080000000,0x0000000088826960,0x0000000092100000)
 Metaspace       used 92535K, capacity 98418K, committed 98496K, reserved 1134592K
  class space    used 11871K, capacity 13948K, committed 13952K, reserved 1048576K
}
Event: 37.294 GC heap before
{Heap before GC invocations=15 (full 4):
 PSYoungGen      total 600064K, used 70111K [0x00000000d5580000, 0x0000000100000000, 0x0000000100000000)
  eden space 529920K, 0% used [0x00000000d5580000,0x00000000d5580000,0x00000000f5b00000)
  from space 70144K, 99% used [0x00000000f5b00000,0x00000000f9f77cb0,0x00000000f9f80000)
  to   space 91648K, 0% used [0x00000000fa680000,0x00000000fa680000,0x0000000100000000)
 ParOldGen       total 295936K, used 139418K [0x0000000080000000, 0x0000000092100000, 0x00000000d5580000)
  object space 295936K, 47% used [0x0000000080000000,0x0000000088826960,0x0000000092100000)
 Metaspace       used 92535K, capacity 98418K, committed 98496K, reserved 1134592K
  class space    used 11871K, capacity 13948K, committed 13952K, reserved 1048576K
Event: 37.843 GC heap after
Heap after GC invocations=15 (full 4):
 PSYoungGen      total 600064K, used 0K [0x00000000d5580000, 0x0000000100000000, 0x0000000100000000)
  eden space 529920K, 0% used [0x00000000d5580000,0x00000000d5580000,0x00000000f5b00000)
  from space 70144K, 0% used [0x00000000f5b00000,0x00000000f5b00000,0x00000000f9f80000)
  to   space 91648K, 0% used [0x00000000fa680000,0x00000000fa680000,0x0000000100000000)
 ParOldGen       total 392704K, used 184052K [0x0000000080000000, 0x0000000097f80000, 0x00000000d5580000)
  object space 392704K, 46% used [0x0000000080000000,0x000000008b3bd3b0,0x0000000097f80000)
 Metaspace       used 92535K, capacity 98418K, committed 98496K, reserved 1134592K
  class space    used 11871K, capacity 13948K, committed 13952K, reserved 1048576K
}
Event: 58.338 GC heap before
{Heap before GC invocations=16 (full 4):
 PSYoungGen      total 600064K, used 529920K [0x00000000d5580000, 0x0000000100000000, 0x0000000100000000)
  eden space 529920K, 100% used [0x00000000d5580000,0x00000000f5b00000,0x00000000f5b00000)
  from space 70144K, 0% used [0x00000000f5b00000,0x00000000f5b00000,0x00000000f9f80000)
  to   space 91648K, 0% used [0x00000000fa680000,0x00000000fa680000,0x0000000100000000)
 ParOldGen       total 392704K, used 184052K [0x0000000080000000, 0x0000000097f80000, 0x00000000d5580000)
  object space 392704K, 46% used [0x0000000080000000,0x000000008b3bd3b0,0x0000000097f80000)
 Metaspace       used 101677K, capacity 107780K, committed 107992K, reserved 1142784K
  class space    used 12810K, capacity 14847K, committed 14848K, reserved 1048576K
Event: 58.418 GC heap after
Heap after GC invocations=16 (full 4):
 PSYoungGen      total 612352K, used 42295K [0x00000000d5580000, 0x0000000100000000, 0x0000000100000000)
  eden space 520704K, 0% used [0x00000000d5580000,0x00000000d5580000,0x00000000f5200000)
  from space 91648K, 46% used [0x00000000fa680000,0x00000000fcfcde18,0x0000000100000000)
  to   space 86528K, 0% used [0x00000000f5200000,0x00000000f5200000,0x00000000fa680000)
 ParOldGen       total 392704K, used 184060K [0x0000000080000000, 0x0000000097f80000, 0x00000000d5580000)
  object space 392704K, 46% used [0x0000000080000000,0x000000008b3bf3b0,0x0000000097f80000)
 Metaspace       used 101677K, capacity 107780K, committed 107992K, reserved 1142784K
  class space    used 12810K, capacity 14847K, committed 14848K, reserved 1048576K
}

