# JRE version: Java(TM) SE Runtime Environment (8.0_25-b17) (build 1.8.0_25-b17)
# Java VM: Java HotSpot(TM) 64-Bit Server VM (25.25-b02 mixed mode linux-amd64 compressed oops)
Heap:
 PSYoungGen      total 619520K, used 312502K [0x00000000d5580000, 0x0000000100000000, 0x0000000100000000)
  eden space 568832K, 54% used [0x00000000d5580000,0x00000000e86ad9b0,0x00000000f8100000)
  from space 50688K, 0% used [0x00000000f8100000,0x00000000f8100000,0x00000000fb280000)
  to   space 69120K, 0% used [0x00000000fbc80000,0x00000000fbc80000,0x0000000100000000)
 ParOldGen       total 240128K, used 119009K [0x0000000080000000, 0x000000008ea80000, 0x00000000d5580000)
  object space 240128K, 49% used [0x0000000080000000,0x0000000087438588,0x000000008ea80000)
 Metaspace       used 67721K, capacity 72900K, committed 72960K, reserved 1112064K
  class space    used 8391K, capacity 10193K, committed 10240K, reserved 1048576K
GC Heap History (10 events):
Event: 30.005 GC heap before
{Heap before GC invocations=8 (full 2):
 PSYoungGen      total 410112K, used 22447K [0x00000000d5580000, 0x00000000f2800000, 0x0000000100000000)
  eden space 364544K, 0% used [0x00000000d5580000,0x00000000d5580000,0x00000000eb980000)
  from space 45568K, 49% used [0x00000000ee300000,0x00000000ef8ebcd8,0x00000000f0f80000)
  to   space 42496K, 0% used [0x00000000eb980000,0x00000000eb980000,0x00000000ee300000)
 ParOldGen       total 136704K, used 82672K [0x0000000080000000, 0x0000000088580000, 0x00000000d5580000)
  object space 136704K, 60% used [0x0000000080000000,0x00000000850bc1b8,0x0000000088580000)
 Metaspace       used 32796K, capacity 35300K, committed 35456K, reserved 1081344K
  class space    used 3627K, capacity 4357K, committed 4480K, reserved 1048576K
Event: 30.305 GC heap after
Heap after GC invocations=8 (full 2):
 PSYoungGen      total 410112K, used 0K [0x00000000d5580000, 0x00000000f2800000, 0x0000000100000000)
  eden space 364544K, 0% used [0x00000000d5580000,0x00000000d5580000,0x00000000eb980000)
  from space 45568K, 0% used [0x00000000ee300000,0x00000000ee300000,0x00000000f0f80000)
  to   space 42496K, 0% used [0x00000000eb980000,0x00000000eb980000,0x00000000ee300000)
 ParOldGen       total 197120K, used 80841K [0x0000000080000000, 0x000000008c080000, 0x00000000d5580000)
  object space 197120K, 41% used [0x0000000080000000,0x0000000084ef2758,0x000000008c080000)
 Metaspace       used 32796K, capacity 35300K, committed 35456K, reserved 1081344K
  class space    used 3627K, capacity 4357K, committed 4480K, reserved 1048576K
}
Event: 34.953 GC heap before
{Heap before GC invocations=9 (full 2):
 PSYoungGen      total 410112K, used 364544K [0x00000000d5580000, 0x00000000f2800000, 0x0000000100000000)
  eden space 364544K, 100% used [0x00000000d5580000,0x00000000eb980000,0x00000000eb980000)
  from space 45568K, 0% used [0x00000000ee300000,0x00000000ee300000,0x00000000f0f80000)
  to   space 42496K, 0% used [0x00000000eb980000,0x00000000eb980000,0x00000000ee300000)
 ParOldGen       total 197120K, used 80841K [0x0000000080000000, 0x000000008c080000, 0x00000000d5580000)
  object space 197120K, 41% used [0x0000000080000000,0x0000000084ef2758,0x000000008c080000)
 Metaspace       used 45687K, capacity 49584K, committed 49920K, reserved 1093632K
  class space    used 5158K, capacity 6537K, committed 6656K, reserved 1048576K
Event: 35.070 GC heap after
Heap after GC invocations=9 (full 2):
 PSYoungGen      total 407040K, used 42488K [0x00000000d5580000, 0x0000000100000000, 0x0000000100000000)
  eden space 364544K, 0% used [0x00000000d5580000,0x00000000d5580000,0x00000000eb980000)
  from space 42496K, 99% used [0x00000000eb980000,0x00000000ee2fe028,0x00000000ee300000)
  to   space 53760K, 0% used [0x00000000fcb80000,0x00000000fcb80000,0x0000000100000000)
 ParOldGen       total 197120K, used 89309K [0x0000000080000000, 0x000000008c080000, 0x00000000d5580000)
  object space 197120K, 45% used [0x0000000080000000,0x0000000085737748,0x000000008c080000)
 Metaspace       used 45687K, capacity 49584K, committed 49920K, reserved 1093632K
  class space    used 5158K, capacity 6537K, committed 6656K, reserved 1048576K
}
Event: 36.605 GC heap before
{Heap before GC invocations=10 (full 2):
 PSYoungGen      total 407040K, used 233507K [0x00000000d5580000, 0x0000000100000000, 0x0000000100000000)
  eden space 364544K, 52% used [0x00000000d5580000,0x00000000e100ae08,0x00000000eb980000)
  from space 42496K, 99% used [0x00000000eb980000,0x00000000ee2fe028,0x00000000ee300000)
  to   space 53760K, 0% used [0x00000000fcb80000,0x00000000fcb80000,0x0000000100000000)
 ParOldGen       total 197120K, used 89309K [0x0000000080000000, 0x000000008c080000, 0x00000000d5580000)
  object space 197120K, 45% used [0x0000000080000000,0x0000000085737748,0x000000008c080000)
 Metaspace       used 54412K, capacity 59082K, committed 59264K, reserved 1099776K
  class space    used 6354K, capacity 7997K, committed 8064K, reserved 1048576K
Event: 36.700 GC heap after
Heap after GC invocations=10 (full 2):
 PSYoungGen      total 622592K, used 53759K [0x00000000d5580000, 0x0000000100000000, 0x0000000100000000)
  eden space 568832K, 0% used [0x00000000d5580000,0x00000000d5580000,0x00000000f8100000)
  from space 53760K, 99% used [0x00000000fcb80000,0x00000000ffffff40,0x0000000100000000)
  to   space 65024K, 0% used [0x00000000f8100000,0x00000000f8100000,0x00000000fc080000)
 ParOldGen       total 197120K, used 96384K [0x0000000080000000, 0x000000008c080000, 0x00000000d5580000)
  object space 197120K, 48% used [0x0000000080000000,0x0000000085e202e8,0x000000008c080000)
 Metaspace       used 54412K, capacity 59082K, committed 59264K, reserved 1099776K
  class space    used 6354K, capacity 7997K, committed 8064K, reserved 1048576K
}
Event: 36.747 GC heap before
{Heap before GC invocations=11 (full 2):
 PSYoungGen      total 622592K, used 65284K [0x00000000d5580000, 0x0000000100000000, 0x0000000100000000)
  eden space 568832K, 2% used [0x00000000d5580000,0x00000000d60c12c8,0x00000000f8100000)
  from space 53760K, 99% used [0x00000000fcb80000,0x00000000ffffff40,0x0000000100000000)
  to   space 65024K, 0% used [0x00000000f8100000,0x00000000f8100000,0x00000000fc080000)
 ParOldGen       total 197120K, used 96384K [0x0000000080000000, 0x000000008c080000, 0x00000000d5580000)
  object space 197120K, 48% used [0x0000000080000000,0x0000000085e202e8,0x000000008c080000)
 Metaspace       used 54635K, capacity 59306K, committed 59428K, reserved 1101824K
  class space    used 6383K, capacity 8029K, committed 8064K, reserved 1048576K
Event: 36.830 GC heap after
Heap after GC invocations=11 (full 2):
 PSYoungGen      total 619520K, used 50620K [0x00000000d5580000, 0x0000000100000000, 0x0000000100000000)
  eden space 568832K, 0% used [0x00000000d5580000,0x00000000d5580000,0x00000000f8100000)
  from space 50688K, 99% used [0x00000000f8100000,0x00000000fb26f030,0x00000000fb280000)
  to   space 69120K, 0% used [0x00000000fbc80000,0x00000000fbc80000,0x0000000100000000)
 ParOldGen       total 197120K, used 96392K [0x0000000080000000, 0x000000008c080000, 0x00000000d5580000)
  object space 197120K, 48% used [0x0000000080000000,0x0000000085e222e8,0x000000008c080000)
 Metaspace       used 54635K, capacity 59306K, committed 59428K, reserved 1101824K
  class space    used 6383K, capacity 8029K, committed 8064K, reserved 1048576K
}
Event: 36.830 GC heap before
{Heap before GC invocations=12 (full 3):
 PSYoungGen      total 619520K, used 50620K [0x00000000d5580000, 0x0000000100000000, 0x0000000100000000)
  eden space 568832K, 0% used [0x00000000d5580000,0x00000000d5580000,0x00000000f8100000)
  from space 50688K, 99% used [0x00000000f8100000,0x00000000fb26f030,0x00000000fb280000)
  to   space 69120K, 0% used [0x00000000fbc80000,0x00000000fbc80000,0x0000000100000000)
 ParOldGen       total 197120K, used 96392K [0x0000000080000000, 0x000000008c080000, 0x00000000d5580000)
  object space 197120K, 48% used [0x0000000080000000,0x0000000085e222e8,0x000000008c080000)
 Metaspace       used 54635K, capacity 59306K, committed 59428K, reserved 1101824K
  class space    used 6383K, capacity 8029K, committed 8064K, reserved 1048576K
Event: 37.462 GC heap after
Heap after GC invocations=12 (full 3):
 PSYoungGen      total 619520K, used 0K [0x00000000d5580000, 0x0000000100000000, 0x0000000100000000)
  eden space 568832K, 0% used [0x00000000d5580000,0x00000000d5580000,0x00000000f8100000)
  from space 50688K, 0% used [0x00000000f8100000,0x00000000f8100000,0x00000000fb280000)
  to   space 69120K, 0% used [0x00000000fbc80000,0x00000000fbc80000,0x0000000100000000)
 ParOldGen       total 240128K, used 119009K [0x0000000080000000, 0x000000008ea80000, 0x00000000d5580000)
  object space 240128K, 49% used [0x0000000080000000,0x0000000087438588,0x000000008ea80000)
 Metaspace       used 54635K, capacity 59306K, committed 59428K, reserved 1101824K
  class space    used 6383K, capacity 8029K, committed 8064K, reserved 1048576K
}

