# JRE version: Java(TM) SE Runtime Environment (8.0_25-b17) (build 1.8.0_25-b17)
# Java VM: Java HotSpot(TM) 64-Bit Server VM (25.25-b02 mixed mode linux-amd64 compressed oops)
Heap:
 PSYoungGen      total 622080K, used 531224K [0x00000000d5580000, 0x00000000fff00000, 0x0000000100000000)
  eden space 549376K, 96% used [0x00000000d5580000,0x00000000f5c46010,0x00000000f6e00000)
  from space 72704K, 0% used [0x00000000f6e00000,0x00000000f6e00000,0x00000000fb500000)
  to   space 72192K, 0% used [0x00000000fb880000,0x00000000fb880000,0x00000000fff00000)
 ParOldGen       total 386560K, used 195822K [0x0000000080000000, 0x0000000097980000, 0x00000000d5580000)
  object space 386560K, 50% used [0x0000000080000000,0x000000008bf3baf8,0x0000000097980000)
 Metaspace       used 99534K, capacity 105678K, committed 105856K, reserved 1140736K
  class space    used 12622K, capacity 14702K, committed 14720K, reserved 1048576K
GC Heap History (10 events):
Event: 19.713 GC heap before
{Heap before GC invocations=11 (full 2):
 PSYoungGen      total 502272K, used 79865K [0x00000000d5580000, 0x00000000fb000000, 0x0000000100000000)
  eden space 450048K, 6% used [0x00000000d5580000,0x00000000d70848b8,0x00000000f0d00000)
  from space 52224K, 99% used [0x00000000f5400000,0x00000000f86f9e98,0x00000000f8700000)
  to   space 72704K, 0% used [0x00000000f0d00000,0x00000000f0d00000,0x00000000f5400000)
 ParOldGen       total 207872K, used 102536K [0x0000000080000000, 0x000000008cb00000, 0x00000000d5580000)
  object space 207872K, 49% used [0x0000000080000000,0x0000000086422178,0x000000008cb00000)
 Metaspace       used 54641K, capacity 59058K, committed 59096K, reserved 1099776K
  class space    used 6511K, capacity 8036K, committed 8064K, reserved 1048576K
Event: 19.815 GC heap after
Heap after GC invocations=11 (full 2):
 PSYoungGen      total 522752K, used 54936K [0x00000000d5580000, 0x0000000100000000, 0x0000000100000000)
  eden space 450048K, 0% used [0x00000000d5580000,0x00000000d5580000,0x00000000f0d00000)
  from space 72704K, 75% used [0x00000000f0d00000,0x00000000f42a62f8,0x00000000f5400000)
  to   space 76800K, 0% used [0x00000000fb500000,0x00000000fb500000,0x0000000100000000)
 ParOldGen       total 207872K, used 102544K [0x0000000080000000, 0x000000008cb00000, 0x00000000d5580000)
  object space 207872K, 49% used [0x0000000080000000,0x0000000086424178,0x000000008cb00000)
 Metaspace       used 54641K, capacity 59058K, committed 59096K, reserved 1099776K
  class space    used 6511K, capacity 8036K, committed 8064K, reserved 1048576K
}
Event: 19.815 GC heap before
{Heap before GC invocations=12 (full 3):
 PSYoungGen      total 522752K, used 54936K [0x00000000d5580000, 0x0000000100000000, 0x0000000100000000)
  eden space 450048K, 0% used [0x00000000d5580000,0x00000000d5580000,0x00000000f0d00000)
  from space 72704K, 75% used [0x00000000f0d00000,0x00000000f42a62f8,0x00000000f5400000)
  to   space 76800K, 0% used [0x00000000fb500000,0x00000000fb500000,0x0000000100000000)
 ParOldGen       total 207872K, used 102544K [0x0000000080000000, 0x000000008cb00000, 0x00000000d5580000)
  object space 207872K, 49% used [0x0000000080000000,0x0000000086424178,0x000000008cb00000)
 Metaspace       used 54641K, capacity 59058K, committed 59096K, reserved 1099776K
  class space    used 6511K, capacity 8036K, committed 8064K, reserved 1048576K
Event: 20.511 GC heap after
Heap after GC invocations=12 (full 3):
 PSYoungGen      total 522752K, used 0K [0x00000000d5580000, 0x0000000100000000, 0x0000000100000000)
  eden space 450048K, 0% used [0x00000000d5580000,0x00000000d5580000,0x00000000f0d00000)
  from space 72704K, 0% used [0x00000000f0d00000,0x00000000f0d00000,0x00000000f5400000)
  to   space 76800K, 0% used [0x00000000fb500000,0x00000000fb500000,0x0000000100000000)
 ParOldGen       total 295936K, used 138577K [0x0000000080000000, 0x0000000092100000, 0x00000000d5580000)
  object space 295936K, 46% used [0x0000000080000000,0x00000000887546b0,0x0000000092100000)
 Metaspace       used 54641K, capacity 59058K, committed 59096K, reserved 1099776K
  class space    used 6511K, capacity 8036K, committed 8064K, reserved 1048576K
}
Event: 24.709 GC heap before
{Heap before GC invocations=13 (full 3):
 PSYoungGen      total 522752K, used 450048K [0x00000000d5580000, 0x0000000100000000, 0x0000000100000000)
  eden space 450048K, 100% used [0x00000000d5580000,0x00000000f0d00000,0x00000000f0d00000)
  from space 72704K, 0% used [0x00000000f0d00000,0x00000000f0d00000,0x00000000f5400000)
  to   space 76800K, 0% used [0x00000000fb500000,0x00000000fb500000,0x0000000100000000)
 ParOldGen       total 295936K, used 138577K [0x0000000080000000, 0x0000000092100000, 0x00000000d5580000)
  object space 295936K, 46% used [0x0000000080000000,0x00000000887546b0,0x0000000092100000)
 Metaspace       used 72204K, capacity 76990K, committed 77312K, reserved 1116160K
  class space    used 9260K, capacity 10923K, committed 11008K, reserved 1048576K
Event: 24.773 GC heap after
Heap after GC invocations=13 (full 3):
 PSYoungGen      total 622080K, used 35719K [0x00000000d5580000, 0x00000000ffc00000, 0x0000000100000000)
  eden space 549376K, 0% used [0x00000000d5580000,0x00000000d5580000,0x00000000f6e00000)
  from space 72704K, 49% used [0x00000000fb500000,0x00000000fd7e1fc8,0x00000000ffc00000)
  to   space 72704K, 0% used [0x00000000f6e00000,0x00000000f6e00000,0x00000000fb500000)
 ParOldGen       total 295936K, used 138585K [0x0000000080000000, 0x0000000092100000, 0x00000000d5580000)
  object space 295936K, 46% used [0x0000000080000000,0x00000000887566b0,0x0000000092100000)
 Metaspace       used 72204K, capacity 76990K, committed 77312K, reserved 1116160K
  class space    used 9260K, capacity 10923K, committed 11008K, reserved 1048576K
}
Event: 29.754 GC heap before
{Heap before GC invocations=14 (full 3):
 PSYoungGen      total 622080K, used 495627K [0x00000000d5580000, 0x00000000ffc00000, 0x0000000100000000)
  eden space 549376K, 83% used [0x00000000d5580000,0x00000000f16a1028,0x00000000f6e00000)
  from space 72704K, 49% used [0x00000000fb500000,0x00000000fd7e1fc8,0x00000000ffc00000)
  to   space 72704K, 0% used [0x00000000f6e00000,0x00000000f6e00000,0x00000000fb500000)
 ParOldGen       total 295936K, used 138585K [0x0000000080000000, 0x0000000092100000, 0x00000000d5580000)
  object space 295936K, 46% used [0x0000000080000000,0x00000000887566b0,0x0000000092100000)
 Metaspace       used 92610K, capacity 98354K, committed 98496K, reserved 1134592K
  class space    used 11914K, capacity 14081K, committed 14208K, reserved 1048576K
Event: 29.922 GC heap after
Heap after GC invocations=14 (full 3):
 PSYoungGen      total 622080K, used 44673K [0x00000000d5580000, 0x00000000fff00000, 0x0000000100000000)
  eden space 549376K, 0% used [0x00000000d5580000,0x00000000d5580000,0x00000000f6e00000)
  from space 72704K, 61% used [0x00000000f6e00000,0x00000000f99a04e8,0x00000000fb500000)
  to   space 72192K, 0% used [0x00000000fb880000,0x00000000fb880000,0x00000000fff00000)
 ParOldGen       total 295936K, used 157038K [0x0000000080000000, 0x0000000092100000, 0x00000000d5580000)
  object space 295936K, 53% used [0x0000000080000000,0x000000008995bae0,0x0000000092100000)
 Metaspace       used 92610K, capacity 98354K, committed 98496K, reserved 1134592K
  class space    used 11914K, capacity 14081K, committed 14208K, reserved 1048576K
}
Event: 29.922 GC heap before
{Heap before GC invocations=15 (full 4):
 PSYoungGen      total 622080K, used 44673K [0x00000000d5580000, 0x00000000fff00000, 0x0000000100000000)
  eden space 549376K, 0% used [0x00000000d5580000,0x00000000d5580000,0x00000000f6e00000)
  from space 72704K, 61% used [0x00000000f6e00000,0x00000000f99a04e8,0x00000000fb500000)
  to   space 72192K, 0% used [0x00000000fb880000,0x00000000fb880000,0x00000000fff00000)
 ParOldGen       total 295936K, used 157038K [0x0000000080000000, 0x0000000092100000, 0x00000000d5580000)
  object space 295936K, 53% used [0x0000000080000000,0x000000008995bae0,0x0000000092100000)
 Metaspace       used 92610K, capacity 98354K, committed 98496K, reserved 1134592K
  class space    used 11914K, capacity 14081K, committed 14208K, reserved 1048576K
Event: 30.886 GC heap after
Heap after GC invocations=15 (full 4):
 PSYoungGen      total 622080K, used 0K [0x00000000d5580000, 0x00000000fff00000, 0x0000000100000000)
  eden space 549376K, 0% used [0x00000000d5580000,0x00000000d5580000,0x00000000f6e00000)
  from space 72704K, 0% used [0x00000000f6e00000,0x00000000f6e00000,0x00000000fb500000)
  to   space 72192K, 0% used [0x00000000fb880000,0x00000000fb880000,0x00000000fff00000)
 ParOldGen       total 386560K, used 195822K [0x0000000080000000, 0x0000000097980000, 0x00000000d5580000)
  object space 386560K, 50% used [0x0000000080000000,0x000000008bf3baf8,0x0000000097980000)
 Metaspace       used 92610K, capacity 98354K, committed 98496K, reserved 1134592K
  class space    used 11914K, capacity 14081K, committed 14208K, reserved 1048576K
}

