# JRE version: Java(TM) SE Runtime Environment (8.0_25-b17) (build 1.8.0_25-b17)
# Java VM: Java HotSpot(TM) 64-Bit Server VM (25.25-b02 mixed mode linux-amd64 compressed oops)
Heap:
 PSYoungGen      total 141824K, used 29647K [0x00000000d6500000, 0x00000000dfc00000, 0x0000000100000000)
  eden space 130560K, 22% used [0x00000000d6500000,0x00000000d81f3d08,0x00000000de480000)
  from space 11264K, 0% used [0x00000000df000000,0x00000000df000000,0x00000000dfb00000)
  to   space 11776K, 0% used [0x00000000de480000,0x00000000de480000,0x00000000df000000)
 ParOldGen       total 68608K, used 17100K [0x0000000082e00000, 0x0000000087100000, 0x00000000d6500000)
  object space 68608K, 24% used [0x0000000082e00000,0x0000000083eb3020,0x0000000087100000)
 Metaspace       used 21252K, capacity 21604K, committed 21808K, reserved 1069056K
  class space    used 2472K, capacity 2596K, committed 2688K, reserved 1048576K
GC Heap History (10 events):
Event: 4.975 GC heap before
{Heap before GC invocations=3 (full 0):
 PSYoungGen      total 37888K, used 37874K [0x00000000d6500000, 0x00000000daf00000, 0x0000000100000000)
  eden space 32768K, 100% used [0x00000000d6500000,0x00000000d8500000,0x00000000d8500000)
  from space 5120K, 99% used [0x00000000d8a00000,0x00000000d8efc878,0x00000000d8f00000)
  to   space 5120K, 0% used [0x00000000d8500000,0x00000000d8500000,0x00000000d8a00000)
 ParOldGen       total 86016K, used 1920K [0x0000000082e00000, 0x0000000088200000, 0x00000000d6500000)
  object space 86016K, 2% used [0x0000000082e00000,0x0000000082fe0008,0x0000000088200000)
 Metaspace       used 13844K, capacity 14076K, committed 14336K, reserved 1062912K
  class space    used 1675K, capacity 1770K, committed 1792K, reserved 1048576K
Event: 4.988 GC heap after
Heap after GC invocations=3 (full 0):
 PSYoungGen      total 37888K, used 5088K [0x00000000d6500000, 0x00000000daf00000, 0x0000000100000000)
  eden space 32768K, 0% used [0x00000000d6500000,0x00000000d6500000,0x00000000d8500000)
  from space 5120K, 99% used [0x00000000d8500000,0x00000000d89f8020,0x00000000d8a00000)
  to   space 5120K, 0% used [0x00000000daa00000,0x00000000daa00000,0x00000000daf00000)
 ParOldGen       total 86016K, used 3073K [0x0000000082e00000, 0x0000000088200000, 0x00000000d6500000)
  object space 86016K, 3% used [0x0000000082e00000,0x00000000831005b8,0x0000000088200000)
 Metaspace       used 13844K, capacity 14076K, committed 14336K, reserved 1062912K
  class space    used 1675K, capacity 1770K, committed 1792K, reserved 1048576K
}
Event: 6.477 GC heap before
{Heap before GC invocations=4 (full 0):
 PSYoungGen      total 37888K, used 37856K [0x00000000d6500000, 0x00000000daf00000, 0x0000000100000000)
  eden space 32768K, 100% used [0x00000000d6500000,0x00000000d8500000,0x00000000d8500000)
  from space 5120K, 99% used [0x00000000d8500000,0x00000000d89f8020,0x00000000d8a00000)
  to   space 5120K, 0% used [0x00000000daa00000,0x00000000daa00000,0x00000000daf00000)
 ParOldGen       total 86016K, used 3073K [0x0000000082e00000, 0x0000000088200000, 0x00000000d6500000)
  object space 86016K, 3% used [0x0000000082e00000,0x00000000831005b8,0x0000000088200000)
 Metaspace       used 14387K, capacity 14548K, committed 14720K, reserved 1062912K
  class space    used 1746K, capacity 1842K, committed 1920K, reserved 1048576K
Event: 6.495 GC heap after
Heap after GC invocations=4 (full 0):
 PSYoungGen      total 70656K, used 5120K [0x00000000d6500000, 0x00000000daf00000, 0x0000000100000000)
  eden space 65536K, 0% used [0x00000000d6500000,0x00000000d6500000,0x00000000da500000)
  from space 5120K, 100% used [0x00000000daa00000,0x00000000daf00000,0x00000000daf00000)
  to   space 5120K, 0% used [0x00000000da500000,0x00000000da500000,0x00000000daa00000)
 ParOldGen       total 86016K, used 4066K [0x0000000082e00000, 0x0000000088200000, 0x00000000d6500000)
  object space 86016K, 4% used [0x0000000082e00000,0x00000000831f8938,0x0000000088200000)
 Metaspace       used 14387K, capacity 14548K, committed 14720K, reserved 1062912K
  class space    used 1746K, capacity 1842K, committed 1920K, reserved 1048576K
}
Event: 10.613 GC heap before
{Heap before GC invocations=5 (full 0):
 PSYoungGen      total 70656K, used 70265K [0x00000000d6500000, 0x00000000daf00000, 0x0000000100000000)
  eden space 65536K, 99% used [0x00000000d6500000,0x00000000da49e4a0,0x00000000da500000)
  from space 5120K, 100% used [0x00000000daa00000,0x00000000daf00000,0x00000000daf00000)
  to   space 5120K, 0% used [0x00000000da500000,0x00000000da500000,0x00000000daa00000)
 ParOldGen       total 86016K, used 4066K [0x0000000082e00000, 0x0000000088200000, 0x00000000d6500000)
  object space 86016K, 4% used [0x0000000082e00000,0x00000000831f8938,0x0000000088200000)
 Metaspace       used 19208K, capacity 19620K, committed 19968K, reserved 1067008K
  class space    used 2314K, capacity 2468K, committed 2560K, reserved 1048576K
Event: 10.649 GC heap after
Heap after GC invocations=5 (full 0):
 PSYoungGen      total 70656K, used 5088K [0x00000000d6500000, 0x00000000dfb00000, 0x0000000100000000)
  eden space 65536K, 0% used [0x00000000d6500000,0x00000000d6500000,0x00000000da500000)
  from space 5120K, 99% used [0x00000000da500000,0x00000000da9f8020,0x00000000daa00000)
  to   space 11264K, 0% used [0x00000000df000000,0x00000000df000000,0x00000000dfb00000)
 ParOldGen       total 86016K, used 11302K [0x0000000082e00000, 0x0000000088200000, 0x00000000d6500000)
  object space 86016K, 13% used [0x0000000082e00000,0x0000000083909848,0x0000000088200000)
 Metaspace       used 19208K, capacity 19620K, committed 19968K, reserved 1067008K
  class space    used 2314K, capacity 2468K, committed 2560K, reserved 1048576K
}
Event: 11.432 GC heap before
{Heap before GC invocations=6 (full 0):
 PSYoungGen      total 70656K, used 36491K [0x00000000d6500000, 0x00000000dfb00000, 0x0000000100000000)
  eden space 65536K, 47% used [0x00000000d6500000,0x00000000d83aad68,0x00000000da500000)
  from space 5120K, 99% used [0x00000000da500000,0x00000000da9f8020,0x00000000daa00000)
  to   space 11264K, 0% used [0x00000000df000000,0x00000000df000000,0x00000000dfb00000)
 ParOldGen       total 86016K, used 11302K [0x0000000082e00000, 0x0000000088200000, 0x00000000d6500000)
  object space 86016K, 13% used [0x0000000082e00000,0x0000000083909848,0x0000000088200000)
 Metaspace       used 20781K, capacity 21092K, committed 21296K, reserved 1069056K
  class space    used 2461K, capacity 2596K, committed 2688K, reserved 1048576K
Event: 11.455 GC heap after
Heap after GC invocations=6 (full 0):
 PSYoungGen      total 141824K, used 9623K [0x00000000d6500000, 0x00000000dfc00000, 0x0000000100000000)
  eden space 130560K, 0% used [0x00000000d6500000,0x00000000d6500000,0x00000000de480000)
  from space 11264K, 85% used [0x00000000df000000,0x00000000df965ed8,0x00000000dfb00000)
  to   space 11776K, 0% used [0x00000000de480000,0x00000000de480000,0x00000000df000000)
 ParOldGen       total 86016K, used 11310K [0x0000000082e00000, 0x0000000088200000, 0x00000000d6500000)
  object space 86016K, 13% used [0x0000000082e00000,0x000000008390b848,0x0000000088200000)
 Metaspace       used 20781K, capacity 21092K, committed 21296K, reserved 1069056K
  class space    used 2461K, capacity 2596K, committed 2688K, reserved 1048576K
}
Event: 11.455 GC heap before
{Heap before GC invocations=7 (full 1):
 PSYoungGen      total 141824K, used 9623K [0x00000000d6500000, 0x00000000dfc00000, 0x0000000100000000)
  eden space 130560K, 0% used [0x00000000d6500000,0x00000000d6500000,0x00000000de480000)
  from space 11264K, 85% used [0x00000000df000000,0x00000000df965ed8,0x00000000dfb00000)
  to   space 11776K, 0% used [0x00000000de480000,0x00000000de480000,0x00000000df000000)
 ParOldGen       total 86016K, used 11310K [0x0000000082e00000, 0x0000000088200000, 0x00000000d6500000)
  object space 86016K, 13% used [0x0000000082e00000,0x000000008390b848,0x0000000088200000)
 Metaspace       used 20781K, capacity 21092K, committed 21296K, reserved 1069056K
  class space    used 2461K, capacity 2596K, committed 2688K, reserved 1048576K
Event: 11.562 GC heap after
Heap after GC invocations=7 (full 1):
 PSYoungGen      total 141824K, used 0K [0x00000000d6500000, 0x00000000dfc00000, 0x0000000100000000)
  eden space 130560K, 0% used [0x00000000d6500000,0x00000000d6500000,0x00000000de480000)
  from space 11264K, 0% used [0x00000000df000000,0x00000000df000000,0x00000000dfb00000)
  to   space 11776K, 0% used [0x00000000de480000,0x00000000de480000,0x00000000df000000)
 ParOldGen       total 68608K, used 17100K [0x0000000082e00000, 0x0000000087100000, 0x00000000d6500000)
  object space 68608K, 24% used [0x0000000082e00000,0x0000000083eb3020,0x0000000087100000)
 Metaspace       used 20781K, capacity 21092K, committed 21296K, reserved 1069056K
  class space    used 2461K, capacity 2596K, committed 2688K, reserved 1048576K
}

